Initializing document watcher...
Document watcher initialized
c182b4kx3757/www/index.html: {}
c182b4kx3757/www/index.html: {}
c182b4kx3757/www/index.html: {}
c182b4kx3757/www/js/popper.min.js: {}
c182b4kx3757/www/index.html: {}
c182b4kx3757/www/index.html: {}
c182b4kx3757/www/index.html: {}
c182b4kx3757/www/index.html: {}
c182b4kx3757/www/index.html: {}
c182b4kx3757/www/index.html: {}
c182b4kx3757/backend/node_modules/gaxios/build/src/gaxios.d.ts: Using EditorConfig core...
c182b4kx3757/backend/node_modules/gaxios/build/src/index.d.ts: Using EditorConfig core...
c182b4kx3757/backend/node_modules/@google-cloud/debug-agent/node_modules/google-auth-library/build/src/auth/authclient.d.ts: Using EditorConfig core...
c182b4kx3757/backend/node_modules/@google-cloud/debug-agent/node_modules/google-auth-library/build/src/auth/oauth2client.d.ts: Using EditorConfig core...
c182b4kx3757/backend/node_modules/@google-cloud/debug-agent/node_modules/google-auth-library/build/src/auth/computeclient.d.ts: Using EditorConfig core...
c182b4kx3757/backend/node_modules/@google-cloud/debug-agent/node_modules/google-auth-library/build/src/auth/jwtclient.d.ts: Using EditorConfig core...
c182b4kx3757/backend/node_modules/@google-cloud/debug-agent/node_modules/google-auth-library/build/src/auth/refreshclient.d.ts: Using EditorConfig core...
c182b4kx3757/backend/node_modules/@google-cloud/debug-agent/node_modules/google-auth-library/build/src/auth/googleauth.d.ts: Using EditorConfig core...
c182b4kx3757/backend/node_modules/@google-cloud/debug-agent/node_modules/google-auth-library/build/src/auth/jwtaccess.d.ts: Using EditorConfig core...
c182b4kx3757/backend/node_modules/@google-cloud/debug-agent/node_modules/google-auth-library/build/src/index.d.ts: Using EditorConfig core...
c182b4kx3757/backend/node_modules/@google-cloud/debug-agent/node_modules/@google-cloud/common/build/src/util.d.ts: Using EditorConfig core...
c182b4kx3757/backend/node_modules/@google-cloud/debug-agent/node_modules/@google-cloud/common/build/src/service-object.d.ts: Using EditorConfig core...
c182b4kx3757/backend/node_modules/@google-cloud/debug-agent/node_modules/@google-cloud/common/build/src/operation.d.ts: Using EditorConfig core...
c182b4kx3757/backend/node_modules/@google-cloud/debug-agent/node_modules/@google-cloud/common/build/src/service.d.ts: Using EditorConfig core...
c182b4kx3757/backend/node_modules/@google-cloud/debug-agent/node_modules/@google-cloud/common/build/src/index.d.ts: Using EditorConfig core...
c182b4kx3757/backend/node_modules/@google-cloud/debug-agent/build/src/client/stackdriver/status-message.d.ts: Using EditorConfig core...
c182b4kx3757/backend/node_modules/@google-cloud/debug-agent/build/src/debuggee.d.ts: Using EditorConfig core...
c182b4kx3757/backend/node_modules/@google-cloud/debug-agent/build/src/agent/debuglet.d.ts: Using EditorConfig core...
c182b4kx3757/backend/node_modules/@google-cloud/debug-agent/build/src/index.d.ts: Using EditorConfig core...
c182b4kx3757/backend/node_modules/express/lib/express.js: Using EditorConfig core...
c182b4kx3757/backend/node_modules/express/index.js: Using EditorConfig core...
c182b4kx3757/backend/node_modules/depd/index.js: Using EditorConfig core...
c182b4kx3757/backend/node_modules/body-parser/lib/types/json.js: Using EditorConfig core...
c182b4kx3757/backend/node_modules/body-parser/lib/types/raw.js: Using EditorConfig core...
c182b4kx3757/backend/node_modules/body-parser/lib/types/text.js: Using EditorConfig core...
c182b4kx3757/backend/node_modules/body-parser/lib/types/urlencoded.js: Using EditorConfig core...
c182b4kx3757/backend/node_modules/body-parser/index.js: Using EditorConfig core...
c182b4kx3757/backend/node_modules/mysql/lib/Connection.js: Using EditorConfig core...
c182b4kx3757/backend/node_modules/mysql/lib/ConnectionConfig.js: Using EditorConfig core...
c182b4kx3757/backend/node_modules/mysql/lib/Pool.js: Using EditorConfig core...
c182b4kx3757/backend/node_modules/mysql/lib/PoolCluster.js: Using EditorConfig core...
c182b4kx3757/backend/node_modules/mysql/lib/PoolConfig.js: Using EditorConfig core...
c182b4kx3757/backend/node_modules/mysql/index.js: Using EditorConfig core...
c182b4kx3757/backend/node_modules/multer/lib/make-middleware.js: Using EditorConfig core...
c182b4kx3757/backend/node_modules/multer/index.js: Using EditorConfig core...
c182b4kx3757/backend/node_modules/google-auth-library/build/src/auth/authclient.d.ts: Using EditorConfig core...
c182b4kx3757/backend/node_modules/google-auth-library/build/src/auth/oauth2client.d.ts: Using EditorConfig core...
c182b4kx3757/backend/node_modules/google-auth-library/build/src/auth/computeclient.d.ts: Using EditorConfig core...
c182b4kx3757/backend/node_modules/google-auth-library/build/src/auth/jwtclient.d.ts: Using EditorConfig core...
c182b4kx3757/backend/node_modules/google-auth-library/build/src/auth/refreshclient.d.ts: Using EditorConfig core...
c182b4kx3757/backend/node_modules/google-auth-library/build/src/auth/googleauth.d.ts: Using EditorConfig core...
c182b4kx3757/backend/node_modules/google-auth-library/build/src/auth/jwtaccess.d.ts: Using EditorConfig core...
c182b4kx3757/backend/node_modules/google-auth-library/build/src/index.d.ts: Using EditorConfig core...
c182b4kx3757/backend/node_modules/@google-cloud/common/build/src/util.d.ts: Using EditorConfig core...
c182b4kx3757/backend/node_modules/@google-cloud/common/build/src/service-object.d.ts: Using EditorConfig core...
c182b4kx3757/backend/node_modules/@google-cloud/common/build/src/operation.d.ts: Using EditorConfig core...
c182b4kx3757/backend/node_modules/@google-cloud/common/build/src/service.d.ts: Using EditorConfig core...
c182b4kx3757/backend/node_modules/@google-cloud/common/build/src/index.d.ts: Using EditorConfig core...
c182b4kx3757/backend/node_modules/@google-cloud/storage/build/src/file.d.ts: Using EditorConfig core...
c182b4kx3757/backend/node_modules/@google-cloud/storage/build/src/storage.d.ts: Using EditorConfig core...
c182b4kx3757/backend/node_modules/@google-cloud/storage/build/src/channel.d.ts: Using EditorConfig core...
c182b4kx3757/backend/node_modules/@google-cloud/storage/build/src/iam.d.ts: Using EditorConfig core...
c182b4kx3757/backend/node_modules/@google-cloud/storage/build/src/notification.d.ts: Using EditorConfig core...
c182b4kx3757/backend/node_modules/@google-cloud/storage/build/src/bucket.d.ts: Using EditorConfig core...
c182b4kx3757/backend/node_modules/@google-cloud/storage/build/src/index.d.ts: Using EditorConfig core...
c182b4kx3757/www/index.html: {}
c182b4kx3757/www/index.html: {}
c182b4kx3757/www/index.html: {}
c182b4kx3757/www/index.html: {}
c182b4kx3757/www/index.html: {}
c182b4kx3757/www/js/popper.min.js: {}
No more open editors.
No more open editors.
No more open editors.
c182b4kx3757/app.yaml: {}
c182b4kx3757/app.yaml: {}
c182b4kx3757/app.yaml: {}
c182b4kx3757/app.yaml: {}
c182b4kx3757/app.yaml: {}
c182b4kx3757/app.yaml: {}
c182b4kx3757/app.yaml: {}
c182b4kx3757/app.yaml: {}
No more open editors.
No more open editors.
No more open editors.
No more open editors.
c182b4kx3757/backend/app.yaml: {}
c182b4kx3757/backend/app.yaml: Using EditorConfig core...
c182b4kx3757/backend/app.yaml: {}
c182b4kx3757/backend/app.yaml: {}
c182b4kx3757/backend/app.yaml: {}
c182b4kx3757/backend/app.yaml: {}
c182b4kx3757/backend/app.yaml: {}
c182b4kx3757/backend/app.yaml: Using EditorConfig core...
c182b4kx3757/backend/app.yaml: {}
c182b4kx3757/backend/app.yaml: {}
c182b4kx3757/backend/app.yaml: {}
c182b4kx3757/backend/app.yaml: {}
c182b4kx3757/backend/app.yaml: {}
c182b4kx3757/backend/app.yaml: {}
c182b4kx3757/backend/app.yaml: {}
c182b4kx3757/backend/app.yaml: {}
c182b4kx3757/backend/app.yaml: {}
c182b4kx3757/backend/app.yaml: {}
c182b4kx3757/backend/app.yaml: {}
c182b4kx3757/backend/app.yaml: {}
c182b4kx3757/backend/app.yaml: {}
c182b4kx3757/backend/app.yaml: {}
c182b4kx3757/backend/app.yaml: Using EditorConfig core...
c182b4kx3757/backend/app.yaml: {}
c182b4kx3757/backend/app.yaml: {}
c182b4kx3757/backend/app.yaml: {}
c182b4kx3757/backend/app.yaml: {}
c182b4kx3757/backend/app.yaml: {}
c182b4kx3757/backend/app.yaml: {}
c182b4kx3757/backend/app.yaml: {}
c182b4kx3757/backend/app.yaml: {}
c182b4kx3757/backend/app.yaml: {}
c182b4kx3757/backend/app.yaml: {}
c182b4kx3757/backend/app.yaml: {}
c182b4kx3757/backend/app.yaml: {}
c182b4kx3757/backend/app.yaml: {}
c182b4kx3757/backend/app.yaml: {}
c182b4kx3757/backend/app.yaml: {}
c182b4kx3757/backend/app.yaml: {}
c182b4kx3757/backend/app.yaml: {}
c182b4kx3757/backend/app.yaml: Using EditorConfig core...
c182b4kx3757/backend/app.yaml: {}
c182b4kx3757/backend/app.yaml: {}
c182b4kx3757/backend/app.yaml: {}
c182b4kx3757/backend/app.yaml: {}
c182b4kx3757/backend/app.yaml: {}
c182b4kx3757/backend/app.yaml: {}
c182b4kx3757/backend/app.yaml: {}
c182b4kx3757/backend/app.yaml: {}
c182b4kx3757/backend/app.yaml: {}
c182b4kx3757/backend/app.yaml: {}
c182b4kx3757/backend/app.yaml: {}
c182b4kx3757/backend/app.yaml: {}
c182b4kx3757/backend/app.yaml: {}
c182b4kx3757/backend/serviceaccountkey.json: {}
c182b4kx3757/backend/serviceaccountkey.json: {}
c182b4kx3757/backend/serviceaccountkey.json: {}
c182b4kx3757/backend/serviceaccountkey.json: Using EditorConfig core...
c182b4kx3757/backend/serviceaccountkey.json: {}
c182b4kx3757/backend/serviceaccountkey.json: {}
c182b4kx3757/backend/serviceaccountkey.json: {}
c182b4kx3757/backend/serviceaccountkey.json: {}
c182b4kx3757/backend/serviceaccountkey.json: Using EditorConfig core...
c182b4kx3757/backend/serviceaccountkey.json: {}
c182b4kx3757/backend/modules/imgUpload.js: {}
c182b4kx3757/backend/modules/imgUpload.js: {}
c182b4kx3757/backend/modules/imgUpload.js: Using EditorConfig core...
c182b4kx3757/backend/modules/imgUpload.js: {}
c182b4kx3757/backend/modules/imgUpload.js: Using EditorConfig core...
c182b4kx3757/backend/modules/imgUpload.js: {}
c182b4kx3757/backend/modules/imgUpload.js: {}
c182b4kx3757/backend/modules/imgUpload.js: Using EditorConfig core...
c182b4kx3757/backend/modules/imgUpload.js: {}
c182b4kx3757/backend/modules/imgUpload.js: {}
c182b4kx3757/backend/modules/imgUpload.js: {}
c182b4kx3757/backend/routes/record.js: {}
c182b4kx3757/backend/routes/record.js: Using EditorConfig core...
c182b4kx3757/backend/routes/record.js: {}
c182b4kx3757/backend/routes/record.js: Using EditorConfig core...
c182b4kx3757/backend/routes/record.js: Using EditorConfig core...
c182b4kx3757/backend/routes/record.js: Using EditorConfig core...
c182b4kx3757/backend/routes/record.js: {}
c182b4kx3757/backend/routes/record.js: {}
c182b4kx3757/backend/routes/record.js: Using EditorConfig core...
c182b4kx3757/backend/routes/record.js: {}
c182b4kx3757/backend/app.yaml: {}
c182b4kx3757/backend/app.yaml: Using EditorConfig core...
c182b4kx3757/backend/app.yaml: {}
c182b4kx3757/backend/app.yaml: {}
c182b4kx3757/backend/app.yaml: {}
c182b4kx3757/backend/app.yaml: {}
c182b4kx3757/backend/app.yaml: {}
c182b4kx3757/backend/app.yaml: {}
c182b4kx3757/backend/app.yaml: {}
c182b4kx3757/backend/app.yaml: {}
c182b4kx3757/backend/app.yaml: {}
c182b4kx3757/backend/app.yaml: {}
c182b4kx3757/backend/app.yaml: {}
c182b4kx3757/backend/app.yaml: {}
c182b4kx3757/backend/package-lock.json: {}
c182b4kx3757/backend/package-lock.json: {}
c182b4kx3757/backend/create_table.sql: {}
c182b4kx3757/backend/create_table.sql: {}
c182b4kx3757/backend/create_table.sql: Using EditorConfig core...
c182b4kx3757/backend/create_table.sql: {}
c182b4kx3757/backend/create_table.sql: {}
c182b4kx3757/backend/create_table.sql: {}
c182b4kx3757/backend/create_table.sql: {}
c182b4kx3757/backend/create_table.sql: {}
c182b4kx3757/backend/app.js: {}
c182b4kx3757/backend/app.js: {}
c182b4kx3757/backend/app.js: Using EditorConfig core...
c182b4kx3757/backend/app.js: {}
c182b4kx3757/backend/app.js: {}
c182b4kx3757/backend/app.js: {}
c182b4kx3757/backend/app.js: Using EditorConfig core...
c182b4kx3757/backend/app.js: Using EditorConfig core...
c182b4kx3757/backend/app.js: {}
c182b4kx3757/backend/app.js: {}
c182b4kx3757/backend/app.js: {}
c182b4kx3757/backend/app.js: {}
c182b4kx3757/backend/app.js: {}
c182b4kx3757/backend/app.js: {}
c182b4kx3757/backend/app.js: {}
c182b4kx3757/backend/app.js: {}
c182b4kx3757/backend/app.yaml: {}
c182b4kx3757/backend/app.yaml: Using EditorConfig core...
c182b4kx3757/backend/app.yaml: {}
c182b4kx3757/backend/app.yaml: {}
c182b4kx3757/backend/create_table.sql: {}
c182b4kx3757/backend/create_table.sql: {}
c182b4kx3757/backend/create_table.sql: {}
c182b4kx3757/backend/create_table.sql: {}
c182b4kx3757/backend/create_table.sql: {}
c182b4kx3757/backend/create_table.sql: {}
c182b4kx3757/backend/create_table.sql: {}
c182b4kx3757/backend/routes/record.js: {}
c182b4kx3757/backend/routes/record.js: {}
c182b4kx3757/backend/routes/record.js: {}
c182b4kx3757/backend/routes/record.js: {}
c182b4kx3757/backend/modules/imgUpload.js: {}
c182b4kx3757/backend/modules/imgUpload.js: {}
c182b4kx3757/backend/routes/record.js: {}
c182b4kx3757/backend/routes/record.js: {}
c182b4kx3757/backend/routes/record.js: {}
c182b4kx3757/backend/routes/record.js: {}
c182b4kx3757/backend/app.yaml: {}
c182b4kx3757/backend/app.yaml: Using EditorConfig core...
c182b4kx3757/backend/app.yaml: Using EditorConfig core...
c182b4kx3757/backend/app.yaml: {}
c182b4kx3757/backend/app.yaml: Using EditorConfig core...
c182b4kx3757/backend/app.yaml: {}
c182b4kx3757/backend/app.yaml: Using EditorConfig core...
c182b4kx3757/backend/app.yaml: Using EditorConfig core...
c182b4kx3757/backend/app.yaml: {}
c182b4kx3757/backend/app.yaml: Using EditorConfig core...
c182b4kx3757/backend/app.yaml: Using EditorConfig core...
c182b4kx3757/backend/app.yaml: Using EditorConfig core...
c182b4kx3757/backend/app.yaml: {}
c182b4kx3757/backend/app.yaml: Using EditorConfig core...
c182b4kx3757/backend/app.yaml: Using EditorConfig core...
c182b4kx3757/backend/app.yaml: {}
c182b4kx3757/backend/app.yaml: Using EditorConfig core...
c182b4kx3757/backend/app.yaml: Using EditorConfig core...
c182b4kx3757/backend/app.yaml: {}
c182b4kx3757/backend/app.yaml: Using EditorConfig core...
c182b4kx3757/backend/app.yaml: {}
c182b4kx3757/backend/app.yaml: Using EditorConfig core...
c182b4kx3757/backend/app.yaml: Using EditorConfig core...
c182b4kx3757/backend/app.yaml: {}
c182b4kx3757/backend/app.yaml: Using EditorConfig core...
c182b4kx3757/backend/app.yaml: Using EditorConfig core...
c182b4kx3757/backend/app.yaml: Using EditorConfig core...
c182b4kx3757/backend/app.yaml: {}
c182b4kx3757/backend/app.yaml: Using EditorConfig core...
c182b4kx3757/backend/app.yaml: Using EditorConfig core...
c182b4kx3757/backend/app.yaml: Using EditorConfig core...
c182b4kx3757/backend/app.yaml: {}
c182b4kx3757/backend/app.yaml: {}
c182b4kx3757/backend/app.yaml: {}
c182b4kx3757/backend/app.yaml: {}
c182b4kx3757/backend/app.yaml: {}
c182b4kx3757/backend/app.yaml: {}
c182b4kx3757/backend/app.yaml: {}
c182b4kx3757/backend/app.yaml: {}
c182b4kx3757/frontend/application/models/Record_model.php: {}
c182b4kx3757/frontend/application/models/Record_model.php: {}
c182b4kx3757/frontend/application/models/Record_model.php: {}
c182b4kx3757/frontend/application/models/Record_model.php: {}
c182b4kx3757/frontend/application/models/Record_model.php: Using EditorConfig core...
c182b4kx3757/frontend/application/models/Record_model.php: {}
c182b4kx3757/frontend/application/models/Record_model.php: Using EditorConfig core...
c182b4kx3757/frontend/application/models/Record_model.php: {}
c182b4kx3757/frontend/application/models/Record_model.php: {}
c182b4kx3757/frontend/application/models/Record_model.php: {}
c182b4kx3757/frontend/application/models/Record_model.php: {}
c182b4kx3757/frontend/application/models/Record_model.php: {}
c182b4kx3757/frontend/application/models/Record_model.php: {}
c182b4kx3757/frontend/application/models/Record_model.php: {}
c182b4kx3757/backend/app.yaml: {}
c182b4kx3757/backend/app.yaml: {}
c182b4kx3757/frontend/app.yaml: {}
c182b4kx3757/frontend/app.yaml: {}
c182b4kx3757/frontend/app.yaml: Using EditorConfig core...
c182b4kx3757/frontend/app.yaml: Using EditorConfig core...
c182b4kx3757/frontend/app.yaml: {}
c182b4kx3757/frontend/app.yaml: {}
c182b4kx3757/frontend/app.yaml: {}
c182b4kx3757/frontend/app.yaml: {}
c182b4kx3757/frontend/app.yaml: Using EditorConfig core...
c182b4kx3757/frontend/app.yaml: Using EditorConfig core...
c182b4kx3757/frontend/app.yaml: {}
c182b4kx3757/frontend/app.yaml: Using EditorConfig core...
c182b4kx3757/frontend/app.yaml: Using EditorConfig core...
c182b4kx3757/frontend/app.yaml: {}
c182b4kx3757/frontend/app.yaml: Using EditorConfig core...
c182b4kx3757/frontend/app.yaml: Using EditorConfig core...
c182b4kx3757/frontend/app.yaml: {}
c182b4kx3757/frontend/app.yaml: Using EditorConfig core...
c182b4kx3757/frontend/app.yaml: Using EditorConfig core...
c182b4kx3757/frontend/app.yaml: Using EditorConfig core...
c182b4kx3757/frontend/app.yaml: {}
c182b4kx3757/frontend/app.yaml: {}
c182b4kx3757/frontend/app.yaml: {}
c182b4kx3757/frontend/app.yaml: Using EditorConfig core...
c182b4kx3757/frontend/app.yaml: Using EditorConfig core...
c182b4kx3757/frontend/app.yaml: Using EditorConfig core...
c182b4kx3757/frontend/app.yaml: Using EditorConfig core...
c182b4kx3757/frontend/app.yaml: {}
c182b4kx3757/frontend/app.yaml: Using EditorConfig core...
c182b4kx3757/frontend/app.yaml: Using EditorConfig core...
c182b4kx3757/frontend/app.yaml: Using EditorConfig core...
c182b4kx3757/frontend/app.yaml: Using EditorConfig core...
c182b4kx3757/frontend/app.yaml: Using EditorConfig core...
c182b4kx3757/frontend/app.yaml: Using EditorConfig core...
c182b4kx3757/frontend/app.yaml: Using EditorConfig core...
c182b4kx3757/frontend/app.yaml: Using EditorConfig core...
c182b4kx3757/frontend/app.yaml: Using EditorConfig core...
c182b4kx3757/frontend/app.yaml: {}
c182b4kx3757/frontend/app.yaml: Using EditorConfig core...
c182b4kx3757/frontend/app.yaml: Using EditorConfig core...
c182b4kx3757/frontend/app.yaml: {}
c182b4kx3757/frontend/app.yaml: {}
c182b4kx3757/frontend/app.yaml: {}
c182b4kx3757/frontend/app.yaml: Using EditorConfig core...
c182b4kx3757/frontend/app.yaml: {}
c182b4kx3757/frontend/app.yaml: Using EditorConfig core...
c182b4kx3757/frontend/app.yaml: Using EditorConfig core...
c182b4kx3757/frontend/app.yaml: Using EditorConfig core...
c182b4kx3757/frontend/app.yaml: Using EditorConfig core...
c182b4kx3757/frontend/app.yaml: {}
c182b4kx3757/frontend/app.yaml: Using EditorConfig core...
c182b4kx3757/frontend/app.yaml: Using EditorConfig core...
c182b4kx3757/frontend/app.yaml: Using EditorConfig core...
c182b4kx3757/frontend/app.yaml: {}
c182b4kx3757/frontend/app.yaml: Using EditorConfig core...
c182b4kx3757/frontend/app.yaml: {}
c182b4kx3757/frontend/app.yaml: Using EditorConfig core...
c182b4kx3757/frontend/app.yaml: {}
c182b4kx3757/frontend/app.yaml: {}
c182b4kx3757/frontend/app.yaml: {}
c182b4kx3757/frontend/app.yaml: {}
c182b4kx3757/frontend/app.yaml: {}
c182b4kx3757/frontend/app.yaml: {}
c182b4kx3757/frontend/app.yaml: {}
c182b4kx3757/frontend/app.yaml: {}
c182b4kx3757/frontend/app.yaml: {}
c182b4kx3757/frontend/application/config/config.php: {}
c182b4kx3757/frontend/application/config/config.php: Using EditorConfig core...
c182b4kx3757/frontend/application/config/config.php: {}
c182b4kx3757/frontend/application/config/config.php: {}
c182b4kx3757/frontend/application/config/config.php: Using EditorConfig core...
c182b4kx3757/frontend/application/config/config.php: {}
c182b4kx3757/frontend/application/config/config.php: Using EditorConfig core...
c182b4kx3757/frontend/application/config/config.php: {}
c182b4kx3757/frontend/application/config/config.php: {}
c182b4kx3757/frontend/application/config/config.php: {}
c182b4kx3757/frontend/application/config/config.php: {}
c182b4kx3757/frontend/application/config/config.php: {}
c182b4kx3757/frontend/application/config/config.php: {}
c182b4kx3757/frontend/application/config/config.php: {}
c182b4kx3757/frontend/application/config/config.php: {}
c182b4kx3757/frontend/application/config/config.php: {}
c182b4kx3757/frontend/application/config/config.php: {}
c182b4kx3757/backend/app.yaml: {}
c182b4kx3757/frontend/app.yaml: {}
c182b4kx3757/backend/app.yaml: {}
c182b4kx3757/frontend/app.yaml: {}
c182b4kx3757/frontend/app.yaml: Using EditorConfig core...
c182b4kx3757/frontend/app.yaml: {}
c182b4kx3757/frontend/app.yaml: {}
c182b4kx3757/frontend/app.yaml: Using EditorConfig core...
c182b4kx3757/frontend/app.yaml: Using EditorConfig core...
c182b4kx3757/frontend/app.yaml: {}
c182b4kx3757/frontend/app.yaml: Using EditorConfig core...
c182b4kx3757/frontend/app.yaml: Using EditorConfig core...
c182b4kx3757/frontend/app.yaml: Using EditorConfig core...
c182b4kx3757/frontend/app.yaml: {}
c182b4kx3757/frontend/app.yaml: Using EditorConfig core...
c182b4kx3757/frontend/app.yaml: Using EditorConfig core...
c182b4kx3757/frontend/app.yaml: {}
c182b4kx3757/frontend/app.yaml: {}
c182b4kx3757/frontend/app.yaml: Using EditorConfig core...
c182b4kx3757/frontend/app.yaml: {}
c182b4kx3757/frontend/app.yaml: {}
c182b4kx3757/frontend/app.yaml: {}
c182b4kx3757/frontend/app.yaml: {}
c182b4kx3757/frontend/app.yaml: {}
c182b4kx3757/frontend/app.yaml: {}
c182b4kx3757/frontend/app.yaml: {}
c182b4kx3757/frontend/app.yaml: {}
c182b4kx3757/frontend/app.yaml: {}
c182b4kx3757/frontend/app.yaml: {}
c182b4kx3757/frontend/app.yaml: {}
c182b4kx3757/frontend/app.yaml: {}
c182b4kx3757/frontend/app.yaml: {}
c182b4kx3757/frontend/app.yaml: {}
c182b4kx3757/frontend/app.yaml: {}
c182b4kx3757/frontend/application/config/config.php: {}
c182b4kx3757/frontend/application/config/config.php: {}
c182b4kx3757/frontend/application/config/config.php: {}
c182b4kx3757/frontend/application/config/config.php: {}
c182b4kx3757/frontend/application/models/Record_model.php: {}
c182b4kx3757/frontend/application/config/config.php: {}
c182b4kx3757/frontend/application/models/Record_model.php: {}
c182b4kx3757/frontend/application/models/Record_model.php: {}
c182b4kx3757/frontend/application/config/config.php: {}
c182b4kx3757/frontend/application/models/Record_model.php: {}
c182b4kx3757/frontend/application/models/Record_model.php: {}
c182b4kx3757/frontend/application/models/Record_model.php: {}
c182b4kx3757/frontend/application/models/Record_model.php: Using EditorConfig core...
c182b4kx3757/frontend/application/config/config.php: {}
c182b4kx3757/frontend/application/config/config.php: {}
c182b4kx3757/frontend/application/config/config.php: Using EditorConfig core...
c182b4kx3757/frontend/application/models/Record_model.php: {}
c182b4kx3757/frontend/application/models/Record_model.php: Using EditorConfig core...
c182b4kx3757/frontend/app.yaml: {}
c182b4kx3757/frontend/app.yaml: Using EditorConfig core...
c182b4kx3757/frontend/app.yaml: {}
c182b4kx3757/frontend/app.yaml: {}
c182b4kx3757/frontend/app.yaml: {}
c182b4kx3757/frontend/app.yaml: {}
c182b4kx3757/frontend/app.yaml: {}
c182b4kx3757/frontend/app.yaml: {}
c182b4kx3757/frontend/app.yaml: {}
c182b4kx3757/frontend/app.yaml: {}
c182b4kx3757/frontend/app.yaml: {}
c182b4kx3757/frontend/app.yaml: {}
c182b4kx3757/frontend/app.yaml: {}
c182b4kx3757/frontend/app.yaml: {}
