Initializing document watcher...
Document watcher initialized
Deploy_ProfileApp/css/bootstap.min.css: {}
Deploy_ProfileApp/css/style.css: {}
No more open editors.
No more open editors.
No more open editors.
Deploy_ProfileApp/www/index.html: {}
Deploy_ProfileApp/www/index.html: {}
Deploy_ProfileApp/www/index.html: {}
Deploy_ProfileApp/www/index.html: Using EditorConfig core...
Deploy_ProfileApp/www/index.html: Using EditorConfig core...
Deploy_ProfileApp/www/index.html: Using EditorConfig core...
Deploy_ProfileApp/www/index.html: Using EditorConfig core...
Deploy_ProfileApp/www/index.html: Using EditorConfig core...
Deploy_ProfileApp/www/index.html: Using EditorConfig core...
Deploy_ProfileApp/www/index.html: {}
Deploy_ProfileApp/www/index.html: {}
Deploy_ProfileApp/www/index.html: Using EditorConfig core...
Deploy_ProfileApp/www/index.html: Using EditorConfig core...
Deploy_ProfileApp/www/index.html: Using EditorConfig core...
Deploy_ProfileApp/www/index.html: Using EditorConfig core...
Deploy_ProfileApp/www/index.html: Using EditorConfig core...
Deploy_ProfileApp/www/index.html: {}
Deploy_ProfileApp/www/index.html: {}
Deploy_ProfileApp/www/index.html: {}
Deploy_ProfileApp/www/index.html: {}
Deploy_ProfileApp/www/index.html: Using EditorConfig core...
Deploy_ProfileApp/index.html: {}
Deploy_ProfileApp/index.html: {}
Deploy_ProfileApp/index.html: Using EditorConfig core...
Deploy_ProfileApp/www/index.html: {}
No more open editors.
Deploy_ProfileApp/www/css/style.css: {}
Deploy_ProfileApp/www/css/style.css: {}
Deploy_ProfileApp/www/css/style.css: Using EditorConfig core...
Deploy_ProfileApp/www/css/style.css: Using EditorConfig core...
Deploy_ProfileApp/www/css/style.css: Using EditorConfig core...
Deploy_ProfileApp/www/css/style.css: Using EditorConfig core...
Deploy_ProfileApp/index.html: {}
Deploy_ProfileApp/index.html: Using EditorConfig core...
Deploy_ProfileApp/www/index.html: {}
Deploy_ProfileApp/www/index.html: Using EditorConfig core...
Deploy_ProfileApp/index.html: {}
