2024-12-07 07:10:17.091 [info] Extension host with pid 1218 started
2024-12-07 07:10:17.104 [info] Lock '/home/c182b4kx3757/.codeoss/data/User/workspaceStorage/-2b846e1f/vscode.lock': Lock acquired.
2024-12-07 07:10:17.473 [info] ExtensionService#_doActivateExtension vscode.emmet, startup: false, activationEvent: 'onLanguage'
2024-12-07 07:10:17.809 [info] ExtensionService#_doActivateExtension vscode.git-base, startup: true, activationEvent: '*', root cause: vscode.git
2024-12-07 07:10:19.665 [info] ExtensionService#_doActivateExtension vscode.git, startup: true, activationEvent: '*'
2024-12-07 07:10:19.665 [info] ExtensionService#_doActivateExtension vscode.github, startup: true, activationEvent: '*'
2024-12-07 07:10:23.531 [info] ExtensionService#_doActivateExtension vscode.github-authentication, startup: false, activationEvent: 'onAuthenticationRequest:github'
2024-12-07 07:10:24.811 [info] Not activating extension 'redhat.fabric8-analytics': Timed out while searching for 'workspaceContains' pattern **/package.json,**/pom.xml,**/go.mod,**/requirements.txt,**/build.gradle,**/Dockerfile,**/Containerfile
2024-12-07 07:10:24.813 [info] Not activating extension 'redhat.java': Timed out while searching for 'workspaceContains' pattern */pom.xml,*/build.gradle,*/settings.gradle,*/build.gradle.kts,*/settings.gradle.kts,*/.classpath
2024-12-07 07:10:24.814 [info] Not activating extension 'vscjava.vscode-java-dependency': Timed out while searching for 'workspaceContains' pattern */pom.xml,*/build.gradle,*/settings.gradle,*/build.gradle.kts,*/settings.gradle.kts,*/.classpath
2024-12-07 07:10:24.814 [info] Not activating extension 'vscjava.vscode-java-test': Timed out while searching for 'workspaceContains' pattern */pom.xml,*/build.gradle,*/settings.gradle,*/build.gradle.kts,*/settings.gradle.kts,*/.classpath
2024-12-07 07:10:24.814 [info] Not activating extension 'vscjava.vscode-maven': Timed out while searching for 'workspaceContains' pattern **/pom.xml
2024-12-07 07:10:24.816 [info] ExtensionService#_doActivateExtension redhat.fabric8-analytics, startup: true, activationEvent: 'workspaceContains:**/package.json,**/pom.xml,**/go.mod,**/requirements.txt,**/build.gradle,**/Dockerfile,**/Containerfile'
2024-12-07 07:10:25.359 [info] Eager extensions activated
2024-12-07 07:10:25.360 [info] ExtensionService#_doActivateExtension EditorConfig.EditorConfig, startup: false, activationEvent: 'onStartupFinished'
2024-12-07 07:10:25.360 [info] ExtensionService#_doActivateExtension google.cloud-shell, startup: false, activationEvent: 'onStartupFinished'
2024-12-07 07:10:25.361 [info] ExtensionService#_doActivateExtension googlecloudtools.cloudcode, startup: false, activationEvent: 'onStartupFinished'
2024-12-07 07:10:25.361 [info] ExtensionService#_doActivateExtension vscode.debug-auto-launch, startup: false, activationEvent: 'onStartupFinished'
2024-12-07 07:10:25.361 [info] ExtensionService#_doActivateExtension vscode.merge-conflict, startup: false, activationEvent: 'onStartupFinished'
2024-12-07 07:10:28.025 [info] ExtensionService#_doActivateExtension vscode.configuration-editing, startup: false, activationEvent: 'onLanguage:jsonc'
2024-12-07 07:10:28.025 [info] ExtensionService#_doActivateExtension vscode.json-language-features, startup: false, activationEvent: 'onLanguage:jsonc'
2024-12-07 07:10:28.026 [info] ExtensionService#_doActivateExtension vscode.typescript-language-features, startup: false, activationEvent: 'onLanguage:jsonc'
2024-12-07 07:18:24.846 [warning] [Decorations] CAPPING events from decorations provider vscode.git 1744
2024-12-07 07:18:25.192 [warning] [Decorations] CAPPING events from decorations provider vscode.git 1744
2024-12-07 07:19:03.918 [warning] [Decorations] CAPPING events from decorations provider vscode.git 1744
2024-12-07 07:19:08.987 [warning] [Decorations] CAPPING events from decorations provider vscode.git 1744
2024-12-07 07:19:48.419 [warning] [Decorations] CAPPING events from decorations provider vscode.git 1744
2024-12-07 07:26:10.861 [warning] [Decorations] CAPPING events from decorations provider vscode.git 1747
2024-12-07 07:26:15.969 [warning] [Decorations] CAPPING events from decorations provider vscode.git 1747
2024-12-07 07:26:21.071 [warning] [Decorations] CAPPING events from decorations provider vscode.git 1747
2024-12-07 07:26:26.170 [warning] [Decorations] CAPPING events from decorations provider vscode.git 1747
2024-12-07 07:26:31.272 [warning] [Decorations] CAPPING events from decorations provider vscode.git 1747
2024-12-07 07:26:36.368 [warning] [Decorations] CAPPING events from decorations provider vscode.git 1747
2024-12-07 07:26:41.472 [warning] [Decorations] CAPPING events from decorations provider vscode.git 1748
2024-12-07 07:26:46.570 [warning] [Decorations] CAPPING events from decorations provider vscode.git 1749
2024-12-07 07:26:51.668 [warning] [Decorations] CAPPING events from decorations provider vscode.git 1749
2024-12-07 07:26:56.768 [warning] [Decorations] CAPPING events from decorations provider vscode.git 1749
2024-12-07 07:27:01.872 [warning] [Decorations] CAPPING events from decorations provider vscode.git 1749
2024-12-07 07:27:06.980 [warning] [Decorations] CAPPING events from decorations provider vscode.git 1749
2024-12-07 07:27:12.083 [warning] [Decorations] CAPPING events from decorations provider vscode.git 1749
2024-12-07 07:29:58.827 [warning] [Decorations] CAPPING events from decorations provider vscode.git 1749
2024-12-07 07:30:03.926 [warning] [Decorations] CAPPING events from decorations provider vscode.git 1749
2024-12-07 07:30:10.244 [warning] [Decorations] CAPPING events from decorations provider vscode.git 1749
2024-12-07 07:30:15.340 [warning] [Decorations] CAPPING events from decorations provider vscode.git 1749
2024-12-07 07:30:23.841 [warning] [Decorations] CAPPING events from decorations provider vscode.git 1749
2024-12-07 07:30:28.948 [warning] [Decorations] CAPPING events from decorations provider vscode.git 1749
2024-12-07 07:30:36.157 [warning] [Decorations] CAPPING events from decorations provider vscode.git 1749
2024-12-07 07:30:41.254 [warning] [Decorations] CAPPING events from decorations provider vscode.git 1749
2024-12-07 07:30:46.350 [warning] [Decorations] CAPPING events from decorations provider vscode.git 1749
2024-12-07 07:30:51.444 [warning] [Decorations] CAPPING events from decorations provider vscode.git 1749
2024-12-07 07:30:56.541 [warning] [Decorations] CAPPING events from decorations provider vscode.git 1749
2024-12-07 07:31:01.642 [warning] [Decorations] CAPPING events from decorations provider vscode.git 1749
2024-12-07 07:31:06.736 [warning] [Decorations] CAPPING events from decorations provider vscode.git 1749
2024-12-07 07:31:28.124 [warning] [Decorations] CAPPING events from decorations provider vscode.git 1749
2024-12-07 07:31:33.701 [warning] [Decorations] CAPPING events from decorations provider vscode.git 1749
2024-12-07 07:31:38.796 [warning] [Decorations] CAPPING events from decorations provider vscode.git 1749
2024-12-07 07:32:42.422 [warning] [Decorations] CAPPING events from decorations provider vscode.git 1749
2024-12-07 07:32:47.528 [warning] [Decorations] CAPPING events from decorations provider vscode.git 1749
2024-12-07 07:32:52.631 [warning] [Decorations] CAPPING events from decorations provider vscode.git 1750
2024-12-07 07:33:03.647 [warning] [Decorations] CAPPING events from decorations provider vscode.git 1750
2024-12-07 07:33:09.415 [warning] [Decorations] CAPPING events from decorations provider vscode.git 1750
2024-12-07 07:33:14.509 [warning] [Decorations] CAPPING events from decorations provider vscode.git 1750
2024-12-07 07:33:19.609 [warning] [Decorations] CAPPING events from decorations provider vscode.git 1750
2024-12-07 07:33:24.703 [warning] [Decorations] CAPPING events from decorations provider vscode.git 1750
2024-12-07 07:33:45.441 [warning] [Decorations] CAPPING events from decorations provider vscode.git 1750
2024-12-07 07:33:50.536 [warning] [Decorations] CAPPING events from decorations provider vscode.git 1750
2024-12-07 07:33:55.640 [warning] [Decorations] CAPPING events from decorations provider vscode.git 1750
2024-12-07 07:34:00.735 [warning] [Decorations] CAPPING events from decorations provider vscode.git 1750
2024-12-07 07:34:13.858 [warning] [Decorations] CAPPING events from decorations provider vscode.git 1750
