2024-11-22 06:49:08.977 [info] [main] Log level: Info
2024-11-22 06:49:08.977 [info] [main] Validating found git in: "git"
2024-11-22 06:49:08.977 [info] [main] Using git "2.43.0" from "git"
2024-11-22 06:49:08.977 [info] [Model][doInitialScan] Initial repository scan started
2024-11-22 06:49:08.977 [info] > git rev-parse --show-toplevel [5ms]
2024-11-22 06:49:08.979 [info] > git rev-parse --git-dir --git-common-dir [2ms]
2024-11-22 06:49:08.992 [info] [Model][openRepository] Opened repository: /home/c182b4kx3757/Deploy_ProfileApp
2024-11-22 06:49:09.004 [info] > git config --get commit.template [5ms]
2024-11-22 06:49:09.005 [info] > git rev-parse --show-toplevel [4ms]
2024-11-22 06:49:09.014 [info] > git for-each-ref --format=%(refname)%00%(upstream:short)%00%(objectname)%00%(upstream:track)%00%(upstream:remotename)%00%(upstream:remoteref) refs/heads/master refs/remotes/master [5ms]
2024-11-22 06:49:09.015 [info] > git rev-parse --show-toplevel [2ms]
2024-11-22 06:49:09.019 [warning] [Git][revParse] Unable to read file: ENOENT: no such file or directory, open '/home/c182b4kx3757/Deploy_ProfileApp/.git/refs/remotes/origin/master'
2024-11-22 06:49:09.022 [info] > git rev-parse refs/remotes/origin/master [4ms]
2024-11-22 06:49:09.033 [info] > git rev-parse --show-toplevel [11ms]
2024-11-22 06:49:09.038 [info] > git for-each-ref --sort -committerdate --format %(refname) %(objectname) %(*objectname) [6ms]
2024-11-22 06:49:09.041 [info] > git rev-parse --show-toplevel [4ms]
2024-11-22 06:49:09.042 [info] [Model][doInitialScan] Initial repository scan completed - repositories (1), closed repositories (0), parent repositories (0), unsafe repositories (0)
2024-11-22 06:49:09.096 [info] > git status -z -uall [70ms]
2024-11-22 06:49:09.116 [info] > git for-each-ref --format=%(refname)%00%(upstream:short)%00%(objectname)%00%(upstream:track)%00%(upstream:remotename)%00%(upstream:remoteref) refs/heads/master refs/remotes/master [8ms]
2024-11-22 06:49:09.122 [info] > git config --get commit.template [7ms]
2024-11-22 06:49:09.123 [info] > git config --local branch.master.vscode-merge-base [3ms]
2024-11-22 06:49:09.123 [warning] [Git][config] git config failed: Failed to execute git
2024-11-22 06:49:09.133 [info] > git for-each-ref --format=%(refname)%00%(upstream:short)%00%(objectname)%00%(upstream:track)%00%(upstream:remotename)%00%(upstream:remoteref) refs/heads/master refs/remotes/master [3ms]
2024-11-22 06:49:09.134 [info] > git reflog master --grep-reflog=branch: Created from *. [6ms]
2024-11-22 06:49:09.140 [warning] [Git][revParse] Unable to read file: ENOENT: no such file or directory, open '/home/c182b4kx3757/Deploy_ProfileApp/.git/refs/remotes/origin/master'
2024-11-22 06:49:09.143 [info] > git rev-parse refs/remotes/origin/master [3ms]
2024-11-22 06:49:09.152 [info] > git symbolic-ref --short refs/remotes/origin/HEAD [14ms]
2024-11-22 06:49:09.157 [info] > git for-each-ref --sort -committerdate --format %(refname) %(objectname) %(*objectname) [6ms]
2024-11-22 06:49:09.158 [info] > git for-each-ref --format=%(refname)%00%(upstream:short)%00%(objectname)%00%(upstream:track)%00%(upstream:remotename)%00%(upstream:remoteref) refs/heads/origin/master refs/remotes/origin/master [3ms]
2024-11-22 06:49:09.164 [info] > git config --local branch.master.vscode-merge-base origin/master [2ms]
2024-11-22 06:49:09.174 [info] > git status -z -uall [28ms] (cancelled)
2024-11-22 06:49:09.175 [info] > git for-each-ref --format=%(refname)%00%(upstream:short)%00%(objectname)%00%(upstream:track)%00%(upstream:remotename)%00%(upstream:remoteref) refs/heads/master refs/remotes/master [6ms]
2024-11-22 06:49:09.180 [info] > git config --get commit.template [5ms]
2024-11-22 06:49:09.183 [info] > git config --local branch.master.vscode-merge-base [5ms]
2024-11-22 06:49:09.188 [info] > git for-each-ref --format=%(refname)%00%(upstream:short)%00%(objectname)%00%(upstream:track)%00%(upstream:remotename)%00%(upstream:remoteref) refs/heads/master refs/remotes/master [5ms]
2024-11-22 06:49:09.191 [warning] [Git][revParse] Unable to read file: ENOENT: no such file or directory, open '/home/c182b4kx3757/Deploy_ProfileApp/.git/refs/remotes/origin/master'
2024-11-22 06:49:09.192 [info] > git for-each-ref --format=%(refname)%00%(upstream:short)%00%(objectname)%00%(upstream:track)%00%(upstream:remotename)%00%(upstream:remoteref) refs/heads/origin/master refs/remotes/origin/master [5ms]
2024-11-22 06:49:09.234 [info] > git merge-base refs/heads/master refs/remotes/origin/master [38ms]
2024-11-22 06:49:09.238 [info] > git rev-parse refs/remotes/origin/master [47ms]
2024-11-22 06:49:09.246 [info] > git diff --name-status -z --diff-filter=ADMR 9f09784803e77f9291eae122a9dc8348303f8a00...refs/remotes/origin/master [8ms]
2024-11-22 06:49:09.248 [info] > git for-each-ref --sort -committerdate --format %(refname) %(objectname) %(*objectname) [3ms]
2024-11-22 06:49:09.346 [info] > git status -z -uall [105ms]
2024-11-22 06:49:09.740 [info] > git check-ignore -v -z --stdin [2ms]
2024-11-22 06:51:08.584 [info] > git check-ignore -v -z --stdin [2ms]
2024-11-22 06:51:12.979 [info] > git show --textconv :css/bootstap.min.css [41ms]
2024-11-22 06:51:12.979 [info] > git ls-files --stage -- /home/c182b4kx3757/Deploy_ProfileApp/css/bootstap.min.css [33ms]
2024-11-22 06:51:12.991 [info] > git cat-file -s 1eed821b8e9631d62d5f36fe24b548389054417e [4ms]
2024-11-22 06:51:29.196 [info] > git show --textconv :css/style.css [8ms]
2024-11-22 06:51:29.197 [info] > git ls-files --stage -- /home/c182b4kx3757/Deploy_ProfileApp/css/style.css [2ms]
2024-11-22 06:51:29.206 [info] > git cat-file -s 5e001798fb2b198aeaf8cb6bb11864cb65552f0a [2ms]
2024-11-22 06:51:49.200 [info] > git check-ignore -v -z --stdin [2ms]
2024-11-22 06:52:12.143 [info] > git check-ignore -v -z --stdin [3ms]
2024-11-22 06:52:14.040 [info] > git check-ignore -v -z --stdin [2ms]
2024-11-22 06:52:54.961 [info] > git check-ignore -v -z --stdin [2ms]
2024-11-22 06:52:55.447 [info] > git config --get commit.template [10ms]
2024-11-22 06:52:55.448 [info] > git for-each-ref --format=%(refname)%00%(upstream:short)%00%(objectname)%00%(upstream:track)%00%(upstream:remotename)%00%(upstream:remoteref) refs/heads/master refs/remotes/master [2ms]
2024-11-22 06:52:55.456 [warning] [Git][revParse] Unable to read file: ENOENT: no such file or directory, open '/home/c182b4kx3757/Deploy_ProfileApp/.git/refs/remotes/origin/master'
2024-11-22 06:52:55.458 [info] > git rev-parse refs/remotes/origin/master [2ms]
2024-11-22 06:52:55.476 [info] > git for-each-ref --sort -committerdate --format %(refname) %(objectname) %(*objectname) [3ms]
2024-11-22 06:52:55.530 [info] > git status -z -uall [65ms]
2024-11-22 06:53:25.156 [info] > git check-ignore -v -z --stdin [2ms]
2024-11-22 06:53:25.493 [info] > git config --get commit.template [8ms]
2024-11-22 06:53:25.494 [info] > git for-each-ref --format=%(refname)%00%(upstream:short)%00%(objectname)%00%(upstream:track)%00%(upstream:remotename)%00%(upstream:remoteref) refs/heads/master refs/remotes/master [2ms]
2024-11-22 06:53:25.501 [warning] [Git][revParse] Unable to read file: ENOENT: no such file or directory, open '/home/c182b4kx3757/Deploy_ProfileApp/.git/refs/remotes/origin/master'
2024-11-22 06:53:25.503 [info] > git rev-parse refs/remotes/origin/master [2ms]
2024-11-22 06:53:25.522 [info] > git for-each-ref --sort -committerdate --format %(refname) %(objectname) %(*objectname) [2ms]
2024-11-22 06:53:25.574 [info] > git status -z -uall [63ms]
2024-11-22 06:53:36.988 [info] > git check-ignore -v -z --stdin [2ms]
2024-11-22 06:53:47.957 [info] > git check-ignore -v -z --stdin [2ms]
2024-11-22 06:53:48.232 [info] > git config --get commit.template [10ms]
2024-11-22 06:53:48.232 [info] > git for-each-ref --format=%(refname)%00%(upstream:short)%00%(objectname)%00%(upstream:track)%00%(upstream:remotename)%00%(upstream:remoteref) refs/heads/master refs/remotes/master [3ms]
2024-11-22 06:53:48.239 [warning] [Git][revParse] Unable to read file: ENOENT: no such file or directory, open '/home/c182b4kx3757/Deploy_ProfileApp/.git/refs/remotes/origin/master'
2024-11-22 06:53:48.241 [info] > git rev-parse refs/remotes/origin/master [2ms]
2024-11-22 06:53:48.258 [info] > git for-each-ref --sort -committerdate --format %(refname) %(objectname) %(*objectname) [2ms]
2024-11-22 06:53:48.312 [info] > git status -z -uall [64ms]
2024-11-22 06:53:59.022 [info] > git config --get commit.template [9ms]
2024-11-22 06:53:59.023 [info] > git for-each-ref --format=%(refname)%00%(upstream:short)%00%(objectname)%00%(upstream:track)%00%(upstream:remotename)%00%(upstream:remoteref) refs/heads/master refs/remotes/master [3ms]
2024-11-22 06:53:59.030 [warning] [Git][revParse] Unable to read file: ENOENT: no such file or directory, open '/home/c182b4kx3757/Deploy_ProfileApp/.git/refs/remotes/origin/master'
2024-11-22 06:53:59.032 [info] > git rev-parse refs/remotes/origin/master [1ms]
2024-11-22 06:53:59.049 [info] > git for-each-ref --sort -committerdate --format %(refname) %(objectname) %(*objectname) [3ms]
2024-11-22 06:53:59.103 [info] > git status -z -uall [64ms]
2024-11-22 06:54:04.123 [info] > git config --get commit.template [8ms]
2024-11-22 06:54:04.126 [info] > git for-each-ref --format=%(refname)%00%(upstream:short)%00%(objectname)%00%(upstream:track)%00%(upstream:remotename)%00%(upstream:remoteref) refs/heads/master refs/remotes/master [4ms]
2024-11-22 06:54:04.134 [warning] [Git][revParse] Unable to read file: ENOENT: no such file or directory, open '/home/c182b4kx3757/Deploy_ProfileApp/.git/refs/remotes/origin/master'
2024-11-22 06:54:04.136 [info] > git rev-parse refs/remotes/origin/master [1ms]
2024-11-22 06:54:04.153 [info] > git for-each-ref --sort -committerdate --format %(refname) %(objectname) %(*objectname) [3ms]
2024-11-22 06:54:04.209 [info] > git status -z -uall [65ms]
2024-11-22 06:54:05.651 [info] > git check-ignore -v -z --stdin [2ms]
2024-11-22 06:54:19.388 [info] > git config --get commit.template [9ms]
2024-11-22 06:54:19.389 [info] > git for-each-ref --format=%(refname)%00%(upstream:short)%00%(objectname)%00%(upstream:track)%00%(upstream:remotename)%00%(upstream:remoteref) refs/heads/master refs/remotes/master [2ms]
2024-11-22 06:54:19.396 [warning] [Git][revParse] Unable to read file: ENOENT: no such file or directory, open '/home/c182b4kx3757/Deploy_ProfileApp/.git/refs/remotes/origin/master'
2024-11-22 06:54:19.398 [info] > git rev-parse refs/remotes/origin/master [2ms]
2024-11-22 06:54:19.416 [info] > git for-each-ref --sort -committerdate --format %(refname) %(objectname) %(*objectname) [2ms]
2024-11-22 06:54:19.471 [info] > git status -z -uall [65ms]
2024-11-22 06:54:24.491 [info] > git config --get commit.template [8ms]
2024-11-22 06:54:24.493 [info] > git for-each-ref --format=%(refname)%00%(upstream:short)%00%(objectname)%00%(upstream:track)%00%(upstream:remotename)%00%(upstream:remoteref) refs/heads/master refs/remotes/master [3ms]
2024-11-22 06:54:24.500 [warning] [Git][revParse] Unable to read file: ENOENT: no such file or directory, open '/home/c182b4kx3757/Deploy_ProfileApp/.git/refs/remotes/origin/master'
2024-11-22 06:54:24.501 [info] > git rev-parse refs/remotes/origin/master [1ms]
2024-11-22 06:54:24.519 [info] > git for-each-ref --sort -committerdate --format %(refname) %(objectname) %(*objectname) [3ms]
2024-11-22 06:54:24.572 [info] > git status -z -uall [64ms]
2024-11-22 06:54:38.304 [info] > git show --textconv :www/index.html [10ms]
2024-11-22 06:54:38.305 [info] > git ls-files --stage -- /home/c182b4kx3757/Deploy_ProfileApp/www/index.html [2ms]
2024-11-22 06:54:38.316 [info] > git cat-file -s 591cbf248fcb945a8d24f6795b30bf838ec081b4 [2ms]
2024-11-22 06:55:58.083 [info] > git config --get commit.template [8ms]
2024-11-22 06:55:58.086 [info] > git for-each-ref --format=%(refname)%00%(upstream:short)%00%(objectname)%00%(upstream:track)%00%(upstream:remotename)%00%(upstream:remoteref) refs/heads/master refs/remotes/master [3ms]
2024-11-22 06:55:58.094 [warning] [Git][revParse] Unable to read file: ENOENT: no such file or directory, open '/home/c182b4kx3757/Deploy_ProfileApp/.git/refs/remotes/origin/master'
2024-11-22 06:55:58.096 [info] > git rev-parse refs/remotes/origin/master [2ms]
2024-11-22 06:55:58.113 [info] > git for-each-ref --sort -committerdate --format %(refname) %(objectname) %(*objectname) [3ms]
2024-11-22 06:55:58.169 [info] > git status -z -uall [66ms]
2024-11-22 06:56:03.189 [info] > git config --get commit.template [8ms]
2024-11-22 06:56:03.191 [info] > git for-each-ref --format=%(refname)%00%(upstream:short)%00%(objectname)%00%(upstream:track)%00%(upstream:remotename)%00%(upstream:remoteref) refs/heads/master refs/remotes/master [3ms]
2024-11-22 06:56:03.198 [warning] [Git][revParse] Unable to read file: ENOENT: no such file or directory, open '/home/c182b4kx3757/Deploy_ProfileApp/.git/refs/remotes/origin/master'
2024-11-22 06:56:03.200 [info] > git rev-parse refs/remotes/origin/master [2ms]
2024-11-22 06:56:03.218 [info] > git for-each-ref --sort -committerdate --format %(refname) %(objectname) %(*objectname) [2ms]
2024-11-22 06:56:03.271 [info] > git status -z -uall [64ms]
2024-11-22 06:56:08.292 [info] > git config --get commit.template [8ms]
2024-11-22 06:56:08.293 [info] > git for-each-ref --format=%(refname)%00%(upstream:short)%00%(objectname)%00%(upstream:track)%00%(upstream:remotename)%00%(upstream:remoteref) refs/heads/master refs/remotes/master [2ms]
2024-11-22 06:56:08.300 [warning] [Git][revParse] Unable to read file: ENOENT: no such file or directory, open '/home/c182b4kx3757/Deploy_ProfileApp/.git/refs/remotes/origin/master'
2024-11-22 06:56:08.302 [info] > git rev-parse refs/remotes/origin/master [2ms]
2024-11-22 06:56:08.319 [info] > git for-each-ref --sort -committerdate --format %(refname) %(objectname) %(*objectname) [2ms]
2024-11-22 06:56:08.372 [info] > git status -z -uall [63ms]
2024-11-22 06:56:13.393 [info] > git config --get commit.template [8ms]
2024-11-22 06:56:13.395 [info] > git for-each-ref --format=%(refname)%00%(upstream:short)%00%(objectname)%00%(upstream:track)%00%(upstream:remotename)%00%(upstream:remoteref) refs/heads/master refs/remotes/master [3ms]
2024-11-22 06:56:13.402 [warning] [Git][revParse] Unable to read file: ENOENT: no such file or directory, open '/home/c182b4kx3757/Deploy_ProfileApp/.git/refs/remotes/origin/master'
2024-11-22 06:56:13.404 [info] > git rev-parse refs/remotes/origin/master [2ms]
2024-11-22 06:56:13.423 [info] > git for-each-ref --sort -committerdate --format %(refname) %(objectname) %(*objectname) [4ms]
2024-11-22 06:56:13.476 [info] > git status -z -uall [65ms]
2024-11-22 06:56:18.497 [info] > git config --get commit.template [10ms]
2024-11-22 06:56:18.498 [info] > git for-each-ref --format=%(refname)%00%(upstream:short)%00%(objectname)%00%(upstream:track)%00%(upstream:remotename)%00%(upstream:remoteref) refs/heads/master refs/remotes/master [4ms]
2024-11-22 06:56:18.508 [warning] [Git][revParse] Unable to read file: ENOENT: no such file or directory, open '/home/c182b4kx3757/Deploy_ProfileApp/.git/refs/remotes/origin/master'
2024-11-22 06:56:18.509 [info] > git rev-parse refs/remotes/origin/master [1ms]
2024-11-22 06:56:18.527 [info] > git for-each-ref --sort -committerdate --format %(refname) %(objectname) %(*objectname) [3ms]
2024-11-22 06:56:18.581 [info] > git status -z -uall [65ms]
2024-11-22 06:58:49.908 [info] > git config --get commit.template [9ms]
2024-11-22 06:58:49.910 [info] > git for-each-ref --format=%(refname)%00%(upstream:short)%00%(objectname)%00%(upstream:track)%00%(upstream:remotename)%00%(upstream:remoteref) refs/heads/master refs/remotes/master [3ms]
2024-11-22 06:58:49.917 [warning] [Git][revParse] Unable to read file: ENOENT: no such file or directory, open '/home/c182b4kx3757/Deploy_ProfileApp/.git/refs/remotes/origin/master'
2024-11-22 06:58:49.918 [info] > git rev-parse refs/remotes/origin/master [1ms]
2024-11-22 06:58:49.936 [info] > git for-each-ref --sort -committerdate --format %(refname) %(objectname) %(*objectname) [3ms]
2024-11-22 06:58:49.988 [info] > git status -z -uall [63ms]
2024-11-22 06:58:55.009 [info] > git config --get commit.template [9ms]
2024-11-22 06:58:55.009 [info] > git for-each-ref --format=%(refname)%00%(upstream:short)%00%(objectname)%00%(upstream:track)%00%(upstream:remotename)%00%(upstream:remoteref) refs/heads/master refs/remotes/master [3ms]
2024-11-22 06:58:55.017 [warning] [Git][revParse] Unable to read file: ENOENT: no such file or directory, open '/home/c182b4kx3757/Deploy_ProfileApp/.git/refs/remotes/origin/master'
2024-11-22 06:58:55.018 [info] > git rev-parse refs/remotes/origin/master [1ms]
2024-11-22 06:58:55.035 [info] > git for-each-ref --sort -committerdate --format %(refname) %(objectname) %(*objectname) [3ms]
2024-11-22 06:58:55.089 [info] > git status -z -uall [63ms]
2024-11-22 06:59:02.239 [info] > git config --get commit.template [8ms]
2024-11-22 06:59:02.241 [info] > git for-each-ref --format=%(refname)%00%(upstream:short)%00%(objectname)%00%(upstream:track)%00%(upstream:remotename)%00%(upstream:remoteref) refs/heads/master refs/remotes/master [2ms]
2024-11-22 06:59:02.248 [warning] [Git][revParse] Unable to read file: ENOENT: no such file or directory, open '/home/c182b4kx3757/Deploy_ProfileApp/.git/refs/remotes/origin/master'
2024-11-22 06:59:02.249 [info] > git rev-parse refs/remotes/origin/master [1ms]
2024-11-22 06:59:02.267 [info] > git for-each-ref --sort -committerdate --format %(refname) %(objectname) %(*objectname) [4ms]
2024-11-22 06:59:02.321 [info] > git status -z -uall [65ms]
2024-11-22 06:59:08.624 [info] > git config --get commit.template [9ms]
2024-11-22 06:59:08.626 [info] > git for-each-ref --format=%(refname)%00%(upstream:short)%00%(objectname)%00%(upstream:track)%00%(upstream:remotename)%00%(upstream:remoteref) refs/heads/master refs/remotes/master [2ms]
2024-11-22 06:59:08.633 [warning] [Git][revParse] Unable to read file: ENOENT: no such file or directory, open '/home/c182b4kx3757/Deploy_ProfileApp/.git/refs/remotes/origin/master'
2024-11-22 06:59:08.635 [info] > git rev-parse refs/remotes/origin/master [2ms]
2024-11-22 06:59:08.656 [info] > git for-each-ref --sort -committerdate --format %(refname) %(objectname) %(*objectname) [4ms]
2024-11-22 06:59:08.710 [info] > git status -z -uall [68ms]
2024-11-22 06:59:17.762 [info] > git config --get commit.template [10ms]
2024-11-22 06:59:17.762 [info] > git for-each-ref --format=%(refname)%00%(upstream:short)%00%(objectname)%00%(upstream:track)%00%(upstream:remotename)%00%(upstream:remoteref) refs/heads/master refs/remotes/master [3ms]
2024-11-22 06:59:17.769 [warning] [Git][revParse] Unable to read file: ENOENT: no such file or directory, open '/home/c182b4kx3757/Deploy_ProfileApp/.git/refs/remotes/origin/master'
2024-11-22 06:59:17.771 [info] > git rev-parse refs/remotes/origin/master [2ms]
2024-11-22 06:59:17.789 [info] > git for-each-ref --sort -committerdate --format %(refname) %(objectname) %(*objectname) [2ms]
2024-11-22 06:59:17.843 [info] > git status -z -uall [65ms]
2024-11-22 07:00:34.774 [info] > git config --get commit.template [9ms]
2024-11-22 07:00:34.775 [info] > git for-each-ref --format=%(refname)%00%(upstream:short)%00%(objectname)%00%(upstream:track)%00%(upstream:remotename)%00%(upstream:remoteref) refs/heads/master refs/remotes/master [2ms]
2024-11-22 07:00:34.783 [warning] [Git][revParse] Unable to read file: ENOENT: no such file or directory, open '/home/c182b4kx3757/Deploy_ProfileApp/.git/refs/remotes/origin/master'
2024-11-22 07:00:34.784 [info] > git rev-parse refs/remotes/origin/master [2ms]
2024-11-22 07:00:34.802 [info] > git for-each-ref --sort -committerdate --format %(refname) %(objectname) %(*objectname) [3ms]
2024-11-22 07:00:34.857 [info] > git status -z -uall [65ms]
2024-11-22 07:01:02.579 [info] > git show --textconv :index.html [8ms]
2024-11-22 07:01:02.581 [info] > git ls-files --stage -- /home/c182b4kx3757/Deploy_ProfileApp/index.html [3ms]
2024-11-22 07:01:02.590 [info] > git cat-file -s d3ac03f42f6f62339bab7742d46c4364bdd4706e [2ms]
2024-11-22 07:01:19.453 [info] > git config --get commit.template [9ms]
2024-11-22 07:01:19.454 [info] > git for-each-ref --format=%(refname)%00%(upstream:short)%00%(objectname)%00%(upstream:track)%00%(upstream:remotename)%00%(upstream:remoteref) refs/heads/master refs/remotes/master [2ms]
2024-11-22 07:01:19.462 [warning] [Git][revParse] Unable to read file: ENOENT: no such file or directory, open '/home/c182b4kx3757/Deploy_ProfileApp/.git/refs/remotes/origin/master'
2024-11-22 07:01:19.464 [info] > git rev-parse refs/remotes/origin/master [2ms]
2024-11-22 07:01:19.484 [info] > git for-each-ref --sort -committerdate --format %(refname) %(objectname) %(*objectname) [2ms]
2024-11-22 07:01:19.542 [info] > git status -z -uall [68ms]
2024-11-22 07:01:21.351 [info] > git show --textconv :www/index.html [10ms]
2024-11-22 07:01:21.352 [info] > git ls-files --stage -- /home/c182b4kx3757/Deploy_ProfileApp/www/index.html [3ms]
2024-11-22 07:01:21.362 [info] > git cat-file -s 591cbf248fcb945a8d24f6795b30bf838ec081b4 [3ms]
2024-11-22 07:01:31.003 [info] > git check-ignore -v -z --stdin [2ms]
2024-11-22 07:01:43.667 [info] > git ls-files --stage -- /home/c182b4kx3757/Deploy_ProfileApp/www/js/all.min.js [7ms]
2024-11-22 07:01:43.688 [info] > git show --textconv :www/js/all.min.js [39ms]
2024-11-22 07:01:43.691 [info] > git cat-file -s 86983881c980fb9fd01ad379d731eed8f309e4c1 [12ms]
2024-11-22 07:01:52.482 [info] > git show --textconv :www/css/style.css [9ms]
2024-11-22 07:01:52.483 [info] > git ls-files --stage -- /home/c182b4kx3757/Deploy_ProfileApp/www/css/style.css [2ms]
2024-11-22 07:01:52.509 [info] > git cat-file -s 5e001798fb2b198aeaf8cb6bb11864cb65552f0a [2ms]
2024-11-22 07:02:43.573 [info] > git config --get commit.template [9ms]
2024-11-22 07:02:43.574 [info] > git for-each-ref --format=%(refname)%00%(upstream:short)%00%(objectname)%00%(upstream:track)%00%(upstream:remotename)%00%(upstream:remoteref) refs/heads/master refs/remotes/master [2ms]
2024-11-22 07:02:43.583 [warning] [Git][revParse] Unable to read file: ENOENT: no such file or directory, open '/home/c182b4kx3757/Deploy_ProfileApp/.git/refs/remotes/origin/master'
2024-11-22 07:02:43.585 [info] > git rev-parse refs/remotes/origin/master [2ms]
2024-11-22 07:02:43.606 [info] > git for-each-ref --sort -committerdate --format %(refname) %(objectname) %(*objectname) [3ms]
2024-11-22 07:02:43.666 [info] > git status -z -uall [71ms]
2024-11-22 07:02:54.538 [info] > git config --get commit.template [9ms]
2024-11-22 07:02:54.540 [info] > git for-each-ref --format=%(refname)%00%(upstream:short)%00%(objectname)%00%(upstream:track)%00%(upstream:remotename)%00%(upstream:remoteref) refs/heads/master refs/remotes/master [3ms]
2024-11-22 07:02:54.547 [warning] [Git][revParse] Unable to read file: ENOENT: no such file or directory, open '/home/c182b4kx3757/Deploy_ProfileApp/.git/refs/remotes/origin/master'
2024-11-22 07:02:54.549 [info] > git rev-parse refs/remotes/origin/master [2ms]
2024-11-22 07:02:54.566 [info] > git for-each-ref --sort -committerdate --format %(refname) %(objectname) %(*objectname) [2ms]
2024-11-22 07:02:54.619 [info] > git status -z -uall [63ms]
2024-11-22 07:03:03.347 [info] > git config --get commit.template [9ms]
2024-11-22 07:03:03.348 [info] > git for-each-ref --format=%(refname)%00%(upstream:short)%00%(objectname)%00%(upstream:track)%00%(upstream:remotename)%00%(upstream:remoteref) refs/heads/master refs/remotes/master [2ms]
2024-11-22 07:03:03.356 [warning] [Git][revParse] Unable to read file: ENOENT: no such file or directory, open '/home/c182b4kx3757/Deploy_ProfileApp/.git/refs/remotes/origin/master'
2024-11-22 07:03:03.357 [info] > git rev-parse refs/remotes/origin/master [1ms]
2024-11-22 07:03:03.375 [info] > git for-each-ref --sort -committerdate --format %(refname) %(objectname) %(*objectname) [3ms]
2024-11-22 07:03:03.435 [info] > git status -z -uall [71ms]
2024-11-22 07:03:10.815 [info] > git config --get commit.template [8ms]
2024-11-22 07:03:10.816 [info] > git for-each-ref --format=%(refname)%00%(upstream:short)%00%(objectname)%00%(upstream:track)%00%(upstream:remotename)%00%(upstream:remoteref) refs/heads/master refs/remotes/master [2ms]
2024-11-22 07:03:10.824 [warning] [Git][revParse] Unable to read file: ENOENT: no such file or directory, open '/home/c182b4kx3757/Deploy_ProfileApp/.git/refs/remotes/origin/master'
2024-11-22 07:03:10.825 [info] > git rev-parse refs/remotes/origin/master [2ms]
2024-11-22 07:03:10.843 [info] > git for-each-ref --sort -committerdate --format %(refname) %(objectname) %(*objectname) [2ms]
2024-11-22 07:03:10.898 [info] > git status -z -uall [65ms]
2024-11-22 07:03:15.928 [info] > git show --textconv :index.html [9ms]
2024-11-22 07:03:15.930 [info] > git ls-files --stage -- /home/c182b4kx3757/Deploy_ProfileApp/index.html [4ms]
2024-11-22 07:03:15.940 [info] > git cat-file -s d3ac03f42f6f62339bab7742d46c4364bdd4706e [3ms]
2024-11-22 07:03:22.027 [info] > git config --get commit.template [2ms]
2024-11-22 07:03:22.036 [info] > git for-each-ref --format=%(refname)%00%(upstream:short)%00%(objectname)%00%(upstream:track)%00%(upstream:remotename)%00%(upstream:remoteref) refs/heads/master refs/remotes/master [2ms]
2024-11-22 07:03:22.044 [warning] [Git][revParse] Unable to read file: ENOENT: no such file or directory, open '/home/c182b4kx3757/Deploy_ProfileApp/.git/refs/remotes/origin/master'
2024-11-22 07:03:22.045 [info] > git rev-parse refs/remotes/origin/master [2ms]
2024-11-22 07:03:22.065 [info] > git for-each-ref --sort -committerdate --format %(refname) %(objectname) %(*objectname) [4ms]
2024-11-22 07:03:22.122 [info] > git status -z -uall [69ms]
2024-11-22 07:03:25.325 [info] > git show --textconv :www/index.html [8ms]
2024-11-22 07:03:25.326 [info] > git ls-files --stage -- /home/c182b4kx3757/Deploy_ProfileApp/www/index.html [2ms]
2024-11-22 07:03:25.337 [info] > git cat-file -s 591cbf248fcb945a8d24f6795b30bf838ec081b4 [4ms]
2024-11-22 07:03:32.625 [info] > git config --get commit.template [9ms]
2024-11-22 07:03:32.627 [info] > git for-each-ref --format=%(refname)%00%(upstream:short)%00%(objectname)%00%(upstream:track)%00%(upstream:remotename)%00%(upstream:remoteref) refs/heads/master refs/remotes/master [2ms]
2024-11-22 07:03:32.635 [warning] [Git][revParse] Unable to read file: ENOENT: no such file or directory, open '/home/c182b4kx3757/Deploy_ProfileApp/.git/refs/remotes/origin/master'
2024-11-22 07:03:32.637 [info] > git rev-parse refs/remotes/origin/master [2ms]
2024-11-22 07:03:32.659 [info] > git for-each-ref --sort -committerdate --format %(refname) %(objectname) %(*objectname) [5ms]
2024-11-22 07:03:32.719 [info] > git status -z -uall [75ms]
2024-11-22 07:03:39.319 [info] > git show --textconv :index.html [9ms]
2024-11-22 07:03:39.323 [info] > git ls-files --stage -- /home/c182b4kx3757/Deploy_ProfileApp/index.html [5ms]
2024-11-22 07:03:39.332 [info] > git cat-file -s d3ac03f42f6f62339bab7742d46c4364bdd4706e [2ms]
