2024-10-20 13:10:56.207 [info] Log level: Info
2024-10-20 13:10:56.207 [info] Validating found git in: "git"
2024-10-20 13:10:56.207 [info] Using git "2.43.0" from "git"
2024-10-20 13:10:56.207 [info] > git rev-parse --show-toplevel [35ms]
2024-10-20 13:10:56.207 [info] fatal: not a git repository (or any parent up to mount point /)
Stopping at filesystem boundary (GIT_DISCOVERY_ACROSS_FILESYSTEM not set).
2024-10-20 13:10:56.208 [info] > git rev-parse --show-toplevel [3ms]
2024-10-20 13:10:56.208 [info] fatal: not a git repository (or any parent up to mount point /)
Stopping at filesystem boundary (GIT_DISCOVERY_ACROSS_FILESYSTEM not set).
2024-10-20 13:10:56.208 [info] > git rev-parse --show-toplevel [2ms]
2024-10-20 13:10:56.208 [info] fatal: not a git repository (or any parent up to mount point /)
Stopping at filesystem boundary (GIT_DISCOVERY_ACROSS_FILESYSTEM not set).
2024-10-20 13:10:56.209 [info] > git rev-parse --show-toplevel [3ms]
2024-10-20 13:10:56.210 [info] fatal: not a git repository (or any parent up to mount point /)
Stopping at filesystem boundary (GIT_DISCOVERY_ACROSS_FILESYSTEM not set).
2024-10-20 13:10:56.218 [info] > git rev-parse --show-toplevel [2ms]
2024-10-20 13:10:56.218 [info] fatal: not a git repository (or any parent up to mount point /)
Stopping at filesystem boundary (GIT_DISCOVERY_ACROSS_FILESYSTEM not set).
2024-10-20 13:10:56.227 [info] > git rev-parse --show-toplevel [2ms]
2024-10-20 13:10:56.227 [info] fatal: not a git repository (or any parent up to mount point /)
Stopping at filesystem boundary (GIT_DISCOVERY_ACROSS_FILESYSTEM not set).
2024-10-20 13:11:07.341 [info] > git rev-parse --show-toplevel [28ms]
2024-10-20 13:11:07.341 [info] fatal: not a git repository (or any parent up to mount point /)
Stopping at filesystem boundary (GIT_DISCOVERY_ACROSS_FILESYSTEM not set).
2024-10-20 13:11:10.650 [info] > git rev-parse --show-toplevel [7ms]
2024-10-20 13:11:10.650 [info] fatal: not a git repository (or any parent up to mount point /)
Stopping at filesystem boundary (GIT_DISCOVERY_ACROSS_FILESYSTEM not set).
