0 verbose cli /usr/local/nvm/versions/node/v22.11.0/bin/node /usr/local/nvm/versions/node/v22.11.0/bin/npm
1 info using npm@10.9.0
2 info using node@v22.11.0
3 silly config load:file:/usr/local/nvm/versions/node/v22.11.0/lib/node_modules/npm/npmrc
4 silly config load:file:/home/c182b4kx3757/.cache/typescript/5.6/.npmrc
5 silly config load:file:/home/c182b4kx3757/.npmrc
6 silly config load:file:/usr/local/nvm/versions/node/v22.11.0/etc/npmrc
7 verbose title npm install @types/object-assign@ts5.6
8 verbose argv "install" "--ignore-scripts" "@types/object-assign@ts5.6" "--save-dev" "--user-agent" "typesInstaller/5.6.3"
9 verbose logfile logs-max:10 dir:/home/c182b4kx3757/.npm/_logs/2024-11-24T15_39_04_114Z-
10 verbose logfile /home/c182b4kx3757/.npm/_logs/2024-11-24T15_39_04_114Z-debug-0.log
11 silly logfile start cleaning logs, removing 1 files
12 silly logfile done cleaning log files
13 silly packumentCache heap:4345298944 maxSize:1086324736 maxEntrySize:543162368
14 silly packumentCache corgi:https://registry.npmjs.org/@types%2fobject-assign cache-miss
15 http fetch GET 200 https://registry.npmjs.org/@types%2fobject-assign 165ms (cache miss)
16 silly packumentCache corgi:https://registry.npmjs.org/@types%2fobject-assign set size:undefined disposed:false
17 silly idealTree buildDeps
18 silly fetch manifest @types/object-assign@4.0.33
19 silly packumentCache full:https://registry.npmjs.org/@types%2fobject-assign cache-miss
20 http fetch GET 200 https://registry.npmjs.org/@types%2fobject-assign 103ms (cache miss)
21 silly packumentCache full:https://registry.npmjs.org/@types%2fobject-assign set size:undefined disposed:false
22 silly placeDep ROOT @types/object-assign@4.0.33 OK for:  want: 4.0.33
23 silly reify moves {}
24 silly audit bulk request {
24 silly audit   '@types/accepts': [ '1.3.7' ],
24 silly audit   '@types/benchmark': [ '2.1.5' ],
24 silly audit   '@types/body-parser': [ '1.19.5' ],
24 silly audit   '@types/busboy': [ '1.5.4' ],
24 silly audit   '@types/bytes': [ '3.1.4' ],
24 silly audit   '@types/concat-stream': [ '2.0.3' ],
24 silly audit   '@types/connect': [ '3.4.38' ],
24 silly audit   '@types/content-disposition': [ '0.5.8' ],
24 silly audit   '@types/content-type': [ '1.1.8' ],
24 silly audit   '@types/cookie-signature': [ '1.1.2' ],
24 silly audit   '@types/cookiejar': [ '2.1.5' ],
24 silly audit   '@types/dateformat': [ '5.0.2' ],
24 silly audit   '@types/debug': [ '4.1.12' ],
24 silly audit   '@types/depd': [ '1.1.37' ],
24 silly audit   '@types/encodeurl': [ '1.0.2' ],
24 silly audit   '@types/escape-html': [ '1.0.4' ],
24 silly audit   '@types/eslint': [ '9.6.1' ],
24 silly audit   '@types/eslint-plugin-markdown': [ '2.0.2' ],
24 silly audit   '@types/estree': [ '1.0.6' ],
24 silly audit   '@types/etag': [ '1.8.3' ],
24 silly audit   '@types/express': [ '5.0.0' ],
24 silly audit   '@types/express-serve-static-core': [ '5.0.1' ],
24 silly audit   '@types/finalhandler': [ '1.2.3' ],
24 silly audit   '@types/forwarded': [ '0.1.3' ],
24 silly audit   '@types/fresh': [ '0.5.2' ],
24 silly audit   '@types/http-errors': [ '2.0.4' ],
24 silly audit   '@types/istanbul': [ '0.4.34' ],
24 silly audit   '@types/jquery': [ '3.5.32' ],
24 silly audit   '@types/json-schema': [ '7.0.15' ],
24 silly audit   '@types/merge-descriptors': [ '1.0.3' ],
24 silly audit   '@types/methods': [ '1.1.4' ],
24 silly audit   '@types/mime': [ '1.3.5' ],
24 silly audit   '@types/mime-types': [ '2.1.4' ],
24 silly audit   '@types/mocha': [ '10.0.10' ],
24 silly audit   '@types/ms': [ '0.7.34' ],
24 silly audit   '@types/multer': [ '1.4.12' ],
24 silly audit   '@types/mysql': [ '2.15.26' ],
24 silly audit   '@types/negotiator': [ '0.6.3' ],
24 silly audit   '@types/node': [ '22.9.3' ],
24 silly audit   '@types/on-finished': [ '2.3.4' ],
24 silly audit   '@types/parseurl': [ '1.3.3' ],
24 silly audit   '@types/proxy-addr': [ '2.0.3' ],
24 silly audit   '@types/qs': [ '6.9.17' ],
24 silly audit   '@types/range-parser': [ '1.2.7' ],
24 silly audit   '@types/readable-stream': [ '4.0.18' ],
24 silly audit   '@types/send': [ '0.17.4' ],
24 silly audit   '@types/serve-static': [ '1.15.7' ],
24 silly audit   '@types/sizzle': [ '2.3.9' ],
24 silly audit   '@types/sqlstring': [ '2.3.2' ],
24 silly audit   '@types/statuses': [ '2.0.5' ],
24 silly audit   '@types/superagent': [ '8.1.9' ],
24 silly audit   '@types/supertest': [ '6.0.2' ],
24 silly audit   '@types/type-is': [ '1.6.6' ],
24 silly audit   '@types/unist': [ '3.0.3' ],
24 silly audit   '@types/utils-merge': [ '1.0.0' ],
24 silly audit   '@types/vary': [ '1.1.3' ],
24 silly audit   '@types/xtend': [ '4.0.6' ],
24 silly audit   asynckit: [ '0.4.0' ],
24 silly audit   'combined-stream': [ '1.0.8' ],
24 silly audit   'delayed-stream': [ '1.0.0' ],
24 silly audit   'form-data': [ '4.0.1' ],
24 silly audit   'mime-db': [ '1.52.0' ],
24 silly audit   'mime-types': [ '2.1.35' ],
24 silly audit   'safe-buffer': [ '5.1.2' ],
24 silly audit   'types-registry': [ '0.1.696' ],
24 silly audit   'undici-types': [ '6.19.8' ],
24 silly audit   '@types/object-assign': [ '4.0.33' ]
24 silly audit }
25 silly tarball no local data for @types/object-assign@https://registry.npmjs.org/@types/object-assign/-/object-assign-4.0.33.tgz. Extracting by manifest.
26 http fetch GET 200 https://registry.npmjs.org/@types/object-assign/-/object-assign-4.0.33.tgz 115ms (cache miss)
27 http fetch POST 200 https://registry.npmjs.org/-/npm/v1/security/advisories/bulk 214ms
28 silly audit report {}
29 silly ADD node_modules/@types/object-assign
30 verbose cwd /home/c182b4kx3757/.cache/typescript/5.6
31 verbose os Linux 6.1.112+
32 verbose node v22.11.0
33 verbose npm  v10.9.0
34 verbose exit 0
35 info ok
