0 verbose cli /usr/local/nvm/versions/node/v22.11.0/bin/node /usr/local/nvm/versions/node/v22.11.0/bin/npm
1 info using npm@10.9.0
2 info using node@v22.11.0
3 silly config load:file:/usr/local/nvm/versions/node/v22.11.0/lib/node_modules/npm/npmrc
4 silly config load:file:/home/c182b4kx3757/.cache/typescript/5.6/.npmrc
5 silly config load:file:/home/c182b4kx3757/.npmrc
6 silly config load:file:/usr/local/nvm/versions/node/v22.11.0/etc/npmrc
7 verbose title npm install @types/benchmark@ts5.6 @types/eslint-plugin-markdown@ts5.6 @types/istanbul@ts5.6 @types/mocha@ts5.6
8 verbose argv "install" "--ignore-scripts" "@types/benchmark@ts5.6" "@types/eslint-plugin-markdown@ts5.6" "@types/istanbul@ts5.6" "@types/mocha@ts5.6" "--save-dev" "--user-agent" "typesInstaller/5.6.3"
9 verbose logfile logs-max:10 dir:/home/c182b4kx3757/.npm/_logs/2024-11-24T15_38_55_199Z-
10 verbose logfile /home/c182b4kx3757/.npm/_logs/2024-11-24T15_38_55_199Z-debug-0.log
11 silly logfile start cleaning logs, removing 1 files
12 silly logfile done cleaning log files
13 silly packumentCache heap:4345298944 maxSize:1086324736 maxEntrySize:543162368
14 silly packumentCache corgi:https://registry.npmjs.org/@types%2fbenchmark cache-miss
15 silly packumentCache corgi:https://registry.npmjs.org/@types%2feslint-plugin-markdown cache-miss
16 silly packumentCache corgi:https://registry.npmjs.org/@types%2fistanbul cache-miss
17 silly packumentCache corgi:https://registry.npmjs.org/@types%2fmocha cache-miss
18 http fetch GET 200 https://registry.npmjs.org/@types%2fistanbul 1455ms (cache miss)
19 silly packumentCache corgi:https://registry.npmjs.org/@types%2fistanbul set size:undefined disposed:false
20 http fetch GET 200 https://registry.npmjs.org/@types%2fmocha 1471ms (cache miss)
21 silly packumentCache corgi:https://registry.npmjs.org/@types%2fmocha set size:undefined disposed:false
22 http fetch GET 200 https://registry.npmjs.org/@types%2feslint-plugin-markdown 1482ms (cache miss)
23 silly packumentCache corgi:https://registry.npmjs.org/@types%2feslint-plugin-markdown set size:undefined disposed:false
24 http fetch GET 200 https://registry.npmjs.org/@types%2fbenchmark 1484ms (cache miss)
25 silly packumentCache corgi:https://registry.npmjs.org/@types%2fbenchmark set size:undefined disposed:false
26 silly idealTree buildDeps
27 silly fetch manifest @types/istanbul@0.4.34
28 silly packumentCache full:https://registry.npmjs.org/@types%2fistanbul cache-miss
29 http fetch GET 200 https://registry.npmjs.org/@types%2fistanbul 57ms (cache miss)
30 silly packumentCache full:https://registry.npmjs.org/@types%2fistanbul set size:undefined disposed:false
31 silly fetch manifest @types/mocha@10.0.10
32 silly packumentCache full:https://registry.npmjs.org/@types%2fmocha cache-miss
33 http fetch GET 200 https://registry.npmjs.org/@types%2fmocha 74ms (cache miss)
34 silly packumentCache full:https://registry.npmjs.org/@types%2fmocha set size:undefined disposed:false
35 silly fetch manifest @types/eslint-plugin-markdown@2.0.2
36 silly packumentCache full:https://registry.npmjs.org/@types%2feslint-plugin-markdown cache-miss
37 http fetch GET 200 https://registry.npmjs.org/@types%2feslint-plugin-markdown 1336ms (cache miss)
38 silly packumentCache full:https://registry.npmjs.org/@types%2feslint-plugin-markdown set size:undefined disposed:false
39 silly fetch manifest @types/benchmark@2.1.5
40 silly packumentCache full:https://registry.npmjs.org/@types%2fbenchmark cache-miss
41 http fetch GET 200 https://registry.npmjs.org/@types%2fbenchmark 77ms (cache miss)
42 silly packumentCache full:https://registry.npmjs.org/@types%2fbenchmark set size:undefined disposed:false
43 silly placeDep ROOT @types/benchmark@2.1.5 OK for:  want: 2.1.5
44 silly placeDep ROOT @types/eslint-plugin-markdown@2.0.2 OK for:  want: 2.0.2
45 silly placeDep ROOT @types/istanbul@0.4.34 OK for:  want: 0.4.34
46 silly placeDep ROOT @types/mocha@10.0.10 OK for:  want: 10.0.10
47 silly fetch manifest @types/unist@*
48 silly packumentCache full:https://registry.npmjs.org/@types%2funist cache-miss
49 silly fetch manifest @types/eslint@*
50 silly packumentCache full:https://registry.npmjs.org/@types%2feslint cache-miss
51 http fetch GET 200 https://registry.npmjs.org/@types%2funist 50ms (cache miss)
52 silly packumentCache full:https://registry.npmjs.org/@types%2funist set size:undefined disposed:false
53 http fetch GET 200 https://registry.npmjs.org/@types%2feslint 82ms (cache miss)
54 silly packumentCache full:https://registry.npmjs.org/@types%2feslint set size:undefined disposed:false
55 silly placeDep ROOT @types/eslint@9.6.1 OK for: @types/eslint-plugin-markdown@2.0.2 want: *
56 silly placeDep ROOT @types/unist@3.0.3 OK for: @types/eslint-plugin-markdown@2.0.2 want: *
57 silly fetch manifest @types/estree@*
58 silly packumentCache full:https://registry.npmjs.org/@types%2festree cache-miss
59 silly fetch manifest @types/json-schema@*
60 silly packumentCache full:https://registry.npmjs.org/@types%2fjson-schema cache-miss
61 http fetch GET 200 https://registry.npmjs.org/@types%2fjson-schema 57ms (cache miss)
62 silly packumentCache full:https://registry.npmjs.org/@types%2fjson-schema set size:undefined disposed:false
63 http fetch GET 200 https://registry.npmjs.org/@types%2festree 64ms (cache miss)
64 silly packumentCache full:https://registry.npmjs.org/@types%2festree set size:undefined disposed:false
65 silly placeDep ROOT @types/estree@1.0.6 OK for: @types/eslint@9.6.1 want: *
66 silly placeDep ROOT @types/json-schema@7.0.15 OK for: @types/eslint@9.6.1 want: *
67 silly reify moves {}
68 silly audit bulk request {
68 silly audit   '@types/accepts': [ '1.3.7' ],
68 silly audit   '@types/body-parser': [ '1.19.5' ],
68 silly audit   '@types/busboy': [ '1.5.4' ],
68 silly audit   '@types/bytes': [ '3.1.4' ],
68 silly audit   '@types/concat-stream': [ '2.0.3' ],
68 silly audit   '@types/connect': [ '3.4.38' ],
68 silly audit   '@types/content-disposition': [ '0.5.8' ],
68 silly audit   '@types/content-type': [ '1.1.8' ],
68 silly audit   '@types/cookie-signature': [ '1.1.2' ],
68 silly audit   '@types/dateformat': [ '5.0.2' ],
68 silly audit   '@types/debug': [ '4.1.12' ],
68 silly audit   '@types/depd': [ '1.1.37' ],
68 silly audit   '@types/encodeurl': [ '1.0.2' ],
68 silly audit   '@types/escape-html': [ '1.0.4' ],
68 silly audit   '@types/etag': [ '1.8.3' ],
68 silly audit   '@types/express': [ '5.0.0' ],
68 silly audit   '@types/express-serve-static-core': [ '5.0.1' ],
68 silly audit   '@types/finalhandler': [ '1.2.3' ],
68 silly audit   '@types/forwarded': [ '0.1.3' ],
68 silly audit   '@types/fresh': [ '0.5.2' ],
68 silly audit   '@types/http-errors': [ '2.0.4' ],
68 silly audit   '@types/jquery': [ '3.5.32' ],
68 silly audit   '@types/merge-descriptors': [ '1.0.3' ],
68 silly audit   '@types/methods': [ '1.1.4' ],
68 silly audit   '@types/mime': [ '1.3.5' ],
68 silly audit   '@types/mime-types': [ '2.1.4' ],
68 silly audit   '@types/ms': [ '0.7.34' ],
68 silly audit   '@types/multer': [ '1.4.12' ],
68 silly audit   '@types/mysql': [ '2.15.26' ],
68 silly audit   '@types/negotiator': [ '0.6.3' ],
68 silly audit   '@types/node': [ '22.9.3' ],
68 silly audit   '@types/on-finished': [ '2.3.4' ],
68 silly audit   '@types/parseurl': [ '1.3.3' ],
68 silly audit   '@types/proxy-addr': [ '2.0.3' ],
68 silly audit   '@types/qs': [ '6.9.17' ],
68 silly audit   '@types/range-parser': [ '1.2.7' ],
68 silly audit   '@types/send': [ '0.17.4' ],
68 silly audit   '@types/serve-static': [ '1.15.7' ],
68 silly audit   '@types/sizzle': [ '2.3.9' ],
68 silly audit   '@types/sqlstring': [ '2.3.2' ],
68 silly audit   '@types/statuses': [ '2.0.5' ],
68 silly audit   '@types/type-is': [ '1.6.6' ],
68 silly audit   '@types/utils-merge': [ '1.0.0' ],
68 silly audit   '@types/vary': [ '1.1.3' ],
68 silly audit   '@types/xtend': [ '4.0.6' ],
68 silly audit   'types-registry': [ '0.1.696' ],
68 silly audit   'undici-types': [ '6.19.8' ],
68 silly audit   '@types/benchmark': [ '2.1.5' ],
68 silly audit   '@types/eslint-plugin-markdown': [ '2.0.2' ],
68 silly audit   '@types/istanbul': [ '0.4.34' ],
68 silly audit   '@types/mocha': [ '10.0.10' ],
68 silly audit   '@types/eslint': [ '9.6.1' ],
68 silly audit   '@types/unist': [ '3.0.3' ],
68 silly audit   '@types/estree': [ '1.0.6' ],
68 silly audit   '@types/json-schema': [ '7.0.15' ]
68 silly audit }
69 silly tarball no local data for @types/json-schema@https://registry.npmjs.org/@types/json-schema/-/json-schema-7.0.15.tgz. Extracting by manifest.
70 silly tarball no local data for @types/estree@https://registry.npmjs.org/@types/estree/-/estree-1.0.6.tgz. Extracting by manifest.
71 silly tarball no local data for @types/unist@https://registry.npmjs.org/@types/unist/-/unist-3.0.3.tgz. Extracting by manifest.
72 silly tarball no local data for @types/eslint@https://registry.npmjs.org/@types/eslint/-/eslint-9.6.1.tgz. Extracting by manifest.
73 silly tarball no local data for @types/mocha@https://registry.npmjs.org/@types/mocha/-/mocha-10.0.10.tgz. Extracting by manifest.
74 silly tarball no local data for @types/istanbul@https://registry.npmjs.org/@types/istanbul/-/istanbul-0.4.34.tgz. Extracting by manifest.
75 silly tarball no local data for @types/eslint-plugin-markdown@https://registry.npmjs.org/@types/eslint-plugin-markdown/-/eslint-plugin-markdown-2.0.2.tgz. Extracting by manifest.
76 silly tarball no local data for @types/benchmark@https://registry.npmjs.org/@types/benchmark/-/benchmark-2.1.5.tgz. Extracting by manifest.
77 http fetch GET 200 https://registry.npmjs.org/@types/unist/-/unist-3.0.3.tgz 92ms (cache miss)
78 http fetch GET 200 https://registry.npmjs.org/@types/json-schema/-/json-schema-7.0.15.tgz 95ms (cache miss)
79 http fetch GET 200 https://registry.npmjs.org/@types/estree/-/estree-1.0.6.tgz 95ms (cache miss)
80 http fetch GET 200 https://registry.npmjs.org/@types/benchmark/-/benchmark-2.1.5.tgz 113ms (cache miss)
81 http fetch GET 200 https://registry.npmjs.org/@types/eslint/-/eslint-9.6.1.tgz 117ms (cache miss)
82 http fetch POST 200 https://registry.npmjs.org/-/npm/v1/security/advisories/bulk 207ms
83 silly audit report {}
84 http fetch GET 200 https://registry.npmjs.org/@types/istanbul/-/istanbul-0.4.34.tgz 734ms (cache miss)
85 http fetch GET 200 https://registry.npmjs.org/@types/mocha/-/mocha-10.0.10.tgz 755ms (cache miss)
86 http fetch GET 200 https://registry.npmjs.org/@types/eslint-plugin-markdown/-/eslint-plugin-markdown-2.0.2.tgz 798ms (cache miss)
87 silly ADD node_modules/@types/json-schema
88 silly ADD node_modules/@types/estree
89 silly ADD node_modules/@types/unist
90 silly ADD node_modules/@types/eslint
91 silly ADD node_modules/@types/mocha
92 silly ADD node_modules/@types/istanbul
93 silly ADD node_modules/@types/eslint-plugin-markdown
94 silly ADD node_modules/@types/benchmark
95 verbose cwd /home/c182b4kx3757/.cache/typescript/5.6
96 verbose os Linux 6.1.112+
97 verbose node v22.11.0
98 verbose npm  v10.9.0
99 verbose exit 0
100 info ok
