0 verbose cli /usr/local/nvm/versions/node/v22.11.0/bin/node /usr/local/nvm/versions/node/v22.11.0/bin/npm
1 info using npm@10.9.0
2 info using node@v22.11.0
3 silly config load:file:/usr/local/nvm/versions/node/v22.11.0/lib/node_modules/npm/npmrc
4 silly config load:file:/home/c182b4kx3757/.cache/typescript/5.6/.npmrc
5 silly config load:file:/home/c182b4kx3757/.npmrc
6 silly config load:file:/usr/local/nvm/versions/node/v22.11.0/etc/npmrc
7 verbose title npm install @types/range-parser@ts5.6 @types/send@ts5.6 @types/connect-redis@ts5.6 @types/cookie-parser@ts5.6 @types/cookie-session@ts5.6 @types/ejs@ts5.6 @types/express-session@ts5.6 @types/hbs@ts5.6 @types/method-override@ts5.6 @types/morgan@ts5.6 @types/multiparty@ts5.6 @types/vhost@ts5.6
8 verbose argv "install" "--ignore-scripts" "@types/range-parser@ts5.6" "@types/send@ts5.6" "@types/connect-redis@ts5.6" "@types/cookie-parser@ts5.6" "@types/cookie-session@ts5.6" "@types/ejs@ts5.6" "@types/express-session@ts5.6" "@types/hbs@ts5.6" "@types/method-override@ts5.6" "@types/morgan@ts5.6" "@types/multiparty@ts5.6" "@types/vhost@ts5.6" "--save-dev" "--user-agent" "typesInstaller/5.6.3"
9 verbose logfile logs-max:10 dir:/home/c182b4kx3757/.npm/_logs/2024-11-24T15_39_05_497Z-
10 verbose logfile /home/c182b4kx3757/.npm/_logs/2024-11-24T15_39_05_497Z-debug-0.log
11 silly logfile start cleaning logs, removing 1 files
12 silly packumentCache heap:4345298944 maxSize:1086324736 maxEntrySize:543162368
13 silly logfile done cleaning log files
14 silly packumentCache corgi:https://registry.npmjs.org/@types%2frange-parser cache-miss
15 silly packumentCache corgi:https://registry.npmjs.org/@types%2fsend cache-miss
16 silly packumentCache corgi:https://registry.npmjs.org/@types%2fconnect-redis cache-miss
17 silly packumentCache corgi:https://registry.npmjs.org/@types%2fcookie-parser cache-miss
18 silly packumentCache corgi:https://registry.npmjs.org/@types%2fcookie-session cache-miss
19 silly packumentCache corgi:https://registry.npmjs.org/@types%2fejs cache-miss
20 silly packumentCache corgi:https://registry.npmjs.org/@types%2fexpress-session cache-miss
21 silly packumentCache corgi:https://registry.npmjs.org/@types%2fhbs cache-miss
22 silly packumentCache corgi:https://registry.npmjs.org/@types%2fmethod-override cache-miss
23 silly packumentCache corgi:https://registry.npmjs.org/@types%2fmorgan cache-miss
24 silly packumentCache corgi:https://registry.npmjs.org/@types%2fmultiparty cache-miss
25 silly packumentCache corgi:https://registry.npmjs.org/@types%2fvhost cache-miss
26 http fetch GET 200 https://registry.npmjs.org/@types%2fcookie-parser 215ms (cache miss)
27 silly packumentCache corgi:https://registry.npmjs.org/@types%2fcookie-parser set size:undefined disposed:false
28 http fetch GET 200 https://registry.npmjs.org/@types%2fcookie-session 218ms (cache miss)
29 silly packumentCache corgi:https://registry.npmjs.org/@types%2fcookie-session set size:undefined disposed:false
30 http fetch GET 200 https://registry.npmjs.org/@types%2fsend 248ms (cache miss)
31 silly packumentCache corgi:https://registry.npmjs.org/@types%2fsend set size:undefined disposed:false
32 http fetch GET 200 https://registry.npmjs.org/@types%2fmorgan 266ms (cache miss)
33 silly packumentCache corgi:https://registry.npmjs.org/@types%2fmorgan set size:undefined disposed:false
34 http fetch GET 200 https://registry.npmjs.org/@types%2fconnect-redis 271ms (cache miss)
35 silly packumentCache corgi:https://registry.npmjs.org/@types%2fconnect-redis set size:undefined disposed:false
36 http fetch GET 200 https://registry.npmjs.org/@types%2frange-parser 302ms (cache miss)
37 silly packumentCache corgi:https://registry.npmjs.org/@types%2frange-parser set size:undefined disposed:false
38 http fetch GET 200 https://registry.npmjs.org/@types%2fvhost 1472ms (cache miss)
39 silly packumentCache corgi:https://registry.npmjs.org/@types%2fvhost set size:undefined disposed:false
40 http fetch GET 200 https://registry.npmjs.org/@types%2fmethod-override 1483ms (cache miss)
41 silly packumentCache corgi:https://registry.npmjs.org/@types%2fmethod-override set size:undefined disposed:false
42 http fetch GET 200 https://registry.npmjs.org/@types%2fejs 1518ms (cache miss)
43 silly packumentCache corgi:https://registry.npmjs.org/@types%2fejs set size:undefined disposed:false
44 http fetch GET 200 https://registry.npmjs.org/@types%2fhbs 1525ms (cache miss)
45 silly packumentCache corgi:https://registry.npmjs.org/@types%2fhbs set size:undefined disposed:false
46 http fetch GET 200 https://registry.npmjs.org/@types%2fmultiparty 1533ms (cache miss)
47 silly packumentCache corgi:https://registry.npmjs.org/@types%2fmultiparty set size:undefined disposed:false
48 http fetch GET 200 https://registry.npmjs.org/@types%2fexpress-session 1547ms (cache miss)
49 silly packumentCache corgi:https://registry.npmjs.org/@types%2fexpress-session set size:undefined disposed:false
50 silly idealTree buildDeps
51 silly fetch manifest @types/cookie-parser@1.4.7
52 silly packumentCache full:https://registry.npmjs.org/@types%2fcookie-parser cache-miss
53 http fetch GET 200 https://registry.npmjs.org/@types%2fcookie-parser 61ms (cache miss)
54 silly packumentCache full:https://registry.npmjs.org/@types%2fcookie-parser set size:undefined disposed:false
55 silly fetch manifest @types/cookie-session@2.0.49
56 silly packumentCache full:https://registry.npmjs.org/@types%2fcookie-session cache-miss
57 http fetch GET 200 https://registry.npmjs.org/@types%2fcookie-session 81ms (cache miss)
58 silly packumentCache full:https://registry.npmjs.org/@types%2fcookie-session set size:undefined disposed:false
59 silly fetch manifest @types/send@0.17.4
60 silly packumentCache full:https://registry.npmjs.org/@types%2fsend cache-miss
61 http fetch GET 200 https://registry.npmjs.org/@types%2fsend 10ms (cache hit)
62 silly packumentCache full:https://registry.npmjs.org/@types%2fsend set size:23076 disposed:false
63 silly fetch manifest @types/morgan@1.9.9
64 silly packumentCache full:https://registry.npmjs.org/@types%2fmorgan cache-miss
65 http fetch GET 200 https://registry.npmjs.org/@types%2fmorgan 58ms (cache miss)
66 silly packumentCache full:https://registry.npmjs.org/@types%2fmorgan set size:undefined disposed:false
67 silly fetch manifest @types/connect-redis@0.0.23
68 silly packumentCache full:https://registry.npmjs.org/@types%2fconnect-redis cache-miss
69 http fetch GET 200 https://registry.npmjs.org/@types%2fconnect-redis 84ms (cache miss)
70 silly packumentCache full:https://registry.npmjs.org/@types%2fconnect-redis set size:undefined disposed:false
71 silly fetch manifest @types/range-parser@1.2.7
72 silly packumentCache full:https://registry.npmjs.org/@types%2frange-parser cache-miss
73 http fetch GET 200 https://registry.npmjs.org/@types%2frange-parser 3ms (cache hit)
74 silly packumentCache full:https://registry.npmjs.org/@types%2frange-parser set size:15246 disposed:false
75 silly fetch manifest @types/vhost@3.0.9
76 silly packumentCache full:https://registry.npmjs.org/@types%2fvhost cache-miss
77 http fetch GET 200 https://registry.npmjs.org/@types%2fvhost 1391ms (cache miss)
78 silly packumentCache full:https://registry.npmjs.org/@types%2fvhost set size:undefined disposed:false
79 silly fetch manifest @types/method-override@0.0.35
80 silly packumentCache full:https://registry.npmjs.org/@types%2fmethod-override cache-miss
81 http fetch GET 200 https://registry.npmjs.org/@types%2fmethod-override 1420ms (cache miss)
82 silly packumentCache full:https://registry.npmjs.org/@types%2fmethod-override set size:undefined disposed:false
83 silly fetch manifest @types/ejs@3.1.5
84 silly packumentCache full:https://registry.npmjs.org/@types%2fejs cache-miss
85 http fetch GET 200 https://registry.npmjs.org/@types%2fejs 1339ms (cache miss)
86 silly packumentCache full:https://registry.npmjs.org/@types%2fejs set size:undefined disposed:false
87 silly fetch manifest @types/hbs@4.0.4
88 silly packumentCache full:https://registry.npmjs.org/@types%2fhbs cache-miss
89 http fetch GET 200 https://registry.npmjs.org/@types%2fhbs 1373ms (cache miss)
90 silly packumentCache full:https://registry.npmjs.org/@types%2fhbs set size:undefined disposed:false
91 silly fetch manifest @types/multiparty@4.2.1
92 silly packumentCache full:https://registry.npmjs.org/@types%2fmultiparty cache-miss
93 http fetch GET 200 https://registry.npmjs.org/@types%2fmultiparty 1347ms (cache miss)
94 silly packumentCache full:https://registry.npmjs.org/@types%2fmultiparty set size:undefined disposed:false
95 silly fetch manifest @types/express-session@1.18.0
96 silly packumentCache full:https://registry.npmjs.org/@types%2fexpress-session cache-miss
97 http fetch GET 200 https://registry.npmjs.org/@types%2fexpress-session 758ms (cache miss)
98 silly packumentCache full:https://registry.npmjs.org/@types%2fexpress-session set size:undefined disposed:false
99 silly placeDep ROOT @types/connect-redis@0.0.23 OK for:  want: 0.0.23
100 silly placeDep ROOT @types/cookie-parser@1.4.7 OK for:  want: 1.4.7
101 silly placeDep ROOT @types/cookie-session@2.0.49 OK for:  want: 2.0.49
102 silly placeDep ROOT @types/ejs@3.1.5 OK for:  want: 3.1.5
103 silly placeDep ROOT @types/express-session@1.18.0 OK for:  want: 1.18.0
104 silly placeDep ROOT @types/hbs@4.0.4 OK for:  want: 4.0.4
105 silly placeDep ROOT @types/method-override@0.0.35 OK for:  want: 0.0.35
106 silly placeDep ROOT @types/morgan@1.9.9 OK for:  want: 1.9.9
107 silly placeDep ROOT @types/multiparty@4.2.1 OK for:  want: 4.2.1
108 silly placeDep ROOT @types/range-parser@1.2.7 REPLACE for:  want: 1.2.7
109 silly placeDep ROOT @types/send@0.17.4 REPLACE for:  want: 0.17.4
110 silly placeDep ROOT @types/vhost@3.0.9 OK for:  want: 3.0.9
111 silly fetch manifest ioredis@^5.3.0
112 silly packumentCache full:https://registry.npmjs.org/ioredis cache-miss
113 silly fetch manifest @types/redis@^2.8.0
114 silly packumentCache full:https://registry.npmjs.org/@types%2fredis cache-miss
115 silly fetch manifest @types/express-session@*
116 silly packumentCache full:https://registry.npmjs.org/@types%2fexpress-session cache-miss
117 http fetch GET 200 https://registry.npmjs.org/@types%2fexpress-session 7ms (cache hit)
118 silly packumentCache full:https://registry.npmjs.org/@types%2fexpress-session set size:86973 disposed:false
119 silly fetch manifest @types/keygrip@*
120 silly packumentCache full:https://registry.npmjs.org/@types%2fkeygrip cache-miss
121 http fetch GET 200 https://registry.npmjs.org/@types%2fkeygrip 63ms (cache miss)
122 silly packumentCache full:https://registry.npmjs.org/@types%2fkeygrip set size:undefined disposed:false
123 silly fetch manifest handlebars@^4.1.0
124 silly packumentCache full:https://registry.npmjs.org/handlebars cache-miss
125 http fetch GET 200 https://registry.npmjs.org/@types%2fredis 103ms (cache miss)
126 silly packumentCache full:https://registry.npmjs.org/@types%2fredis set size:undefined disposed:false
127 http fetch GET 200 https://registry.npmjs.org/handlebars 65ms (cache miss)
128 silly packumentCache full:https://registry.npmjs.org/handlebars set size:undefined disposed:false
129 http fetch GET 200 https://registry.npmjs.org/ioredis 147ms (cache miss)
130 silly packumentCache full:https://registry.npmjs.org/ioredis set size:undefined disposed:false
131 silly placeDep ROOT @types/redis@2.8.32 OK for: @types/connect-redis@0.0.23 want: ^2.8.0
132 silly placeDep ROOT ioredis@5.4.1 OK for: @types/connect-redis@0.0.23 want: ^5.3.0
133 silly fetch manifest @ioredis/commands@^1.1.1
134 silly packumentCache full:https://registry.npmjs.org/@ioredis%2fcommands cache-miss
135 silly fetch manifest cluster-key-slot@^1.1.0
136 silly packumentCache full:https://registry.npmjs.org/cluster-key-slot cache-miss
137 silly fetch manifest debug@^4.3.4
138 silly packumentCache full:https://registry.npmjs.org/debug cache-miss
139 http fetch GET 200 https://registry.npmjs.org/cluster-key-slot 49ms (cache miss)
140 silly packumentCache full:https://registry.npmjs.org/cluster-key-slot set size:undefined disposed:false
141 silly fetch manifest denque@^2.1.0
142 silly packumentCache full:https://registry.npmjs.org/denque cache-miss
143 http fetch GET 200 https://registry.npmjs.org/debug 60ms (cache miss)
144 silly packumentCache full:https://registry.npmjs.org/debug set size:undefined disposed:false
145 silly fetch manifest lodash.defaults@^4.2.0
146 silly packumentCache full:https://registry.npmjs.org/lodash.defaults cache-miss
147 http fetch GET 200 https://registry.npmjs.org/denque 76ms (cache miss)
148 silly packumentCache full:https://registry.npmjs.org/denque set size:undefined disposed:false
149 silly fetch manifest lodash.isarguments@^3.1.0
150 silly packumentCache full:https://registry.npmjs.org/lodash.isarguments cache-miss
151 http fetch GET 200 https://registry.npmjs.org/lodash.isarguments 34ms (cache miss)
152 silly packumentCache full:https://registry.npmjs.org/lodash.isarguments set size:undefined disposed:false
153 silly fetch manifest redis-errors@^1.2.0
154 silly packumentCache full:https://registry.npmjs.org/redis-errors cache-miss
155 http fetch GET 200 https://registry.npmjs.org/@ioredis%2fcommands 703ms (cache miss)
156 silly packumentCache full:https://registry.npmjs.org/@ioredis%2fcommands set size:undefined disposed:false
157 silly fetch manifest redis-parser@^3.0.0
158 silly packumentCache full:https://registry.npmjs.org/redis-parser cache-miss
159 http fetch GET 200 https://registry.npmjs.org/lodash.defaults 684ms (cache miss)
160 silly packumentCache full:https://registry.npmjs.org/lodash.defaults set size:undefined disposed:false
161 silly fetch manifest standard-as-callback@^2.1.0
162 silly packumentCache full:https://registry.npmjs.org/standard-as-callback cache-miss
163 http fetch GET 200 https://registry.npmjs.org/standard-as-callback 46ms (cache miss)
164 silly packumentCache full:https://registry.npmjs.org/standard-as-callback set size:undefined disposed:false
165 http fetch GET 200 https://registry.npmjs.org/redis-parser 118ms (cache miss)
166 silly packumentCache full:https://registry.npmjs.org/redis-parser set size:undefined disposed:false
167 http fetch GET 200 https://registry.npmjs.org/redis-errors 679ms (cache miss)
168 silly packumentCache full:https://registry.npmjs.org/redis-errors set size:undefined disposed:false
169 silly placeDep ROOT @types/keygrip@1.0.6 OK for: @types/cookie-session@2.0.49 want: *
170 silly placeDep ROOT handlebars@4.7.8 OK for: @types/hbs@4.0.4 want: ^4.1.0
171 silly fetch manifest minimist@^1.2.5
172 silly packumentCache full:https://registry.npmjs.org/minimist cache-miss
173 silly fetch manifest neo-async@^2.6.2
174 silly packumentCache full:https://registry.npmjs.org/neo-async cache-miss
175 silly fetch manifest source-map@^0.6.1
176 silly packumentCache full:https://registry.npmjs.org/source-map cache-miss
177 http fetch GET 200 https://registry.npmjs.org/minimist 54ms (cache miss)
178 silly packumentCache full:https://registry.npmjs.org/minimist set size:undefined disposed:false
179 silly fetch manifest wordwrap@^1.0.0
180 silly packumentCache full:https://registry.npmjs.org/wordwrap cache-miss
181 http fetch GET 200 https://registry.npmjs.org/neo-async 59ms (cache miss)
182 silly packumentCache full:https://registry.npmjs.org/neo-async set size:undefined disposed:false
183 silly fetch manifest uglify-js@^3.1.4
184 silly packumentCache full:https://registry.npmjs.org/uglify-js cache-miss
185 http fetch GET 200 https://registry.npmjs.org/source-map 63ms (cache miss)
186 silly packumentCache full:https://registry.npmjs.org/source-map set size:undefined disposed:false
187 http fetch GET 200 https://registry.npmjs.org/wordwrap 38ms (cache miss)
188 silly packumentCache full:https://registry.npmjs.org/wordwrap set size:undefined disposed:false
189 http fetch GET 200 https://registry.npmjs.org/uglify-js 53ms (cache miss)
190 silly packumentCache full:https://registry.npmjs.org/uglify-js set size:undefined disposed:false
191 silly placeDep ROOT minimist@1.2.8 OK for: handlebars@4.7.8 want: ^1.2.5
192 silly placeDep ROOT neo-async@2.6.2 OK for: handlebars@4.7.8 want: ^2.6.2
193 silly placeDep ROOT source-map@0.6.1 OK for: handlebars@4.7.8 want: ^0.6.1
194 silly placeDep ROOT uglify-js@3.19.3 OK for: handlebars@4.7.8 want: ^3.1.4
195 silly placeDep ROOT wordwrap@1.0.0 OK for: handlebars@4.7.8 want: ^1.0.0
196 silly placeDep ROOT @ioredis/commands@1.2.0 OK for: ioredis@5.4.1 want: ^1.1.1
197 silly placeDep ROOT cluster-key-slot@1.1.2 OK for: ioredis@5.4.1 want: ^1.1.0
198 silly placeDep ROOT debug@4.3.7 OK for: ioredis@5.4.1 want: ^4.3.4
199 silly placeDep ROOT denque@2.1.0 OK for: ioredis@5.4.1 want: ^2.1.0
200 silly placeDep ROOT lodash.defaults@4.2.0 OK for: ioredis@5.4.1 want: ^4.2.0
201 silly placeDep ROOT lodash.isarguments@3.1.0 OK for: ioredis@5.4.1 want: ^3.1.0
202 silly placeDep ROOT redis-errors@1.2.0 OK for: ioredis@5.4.1 want: ^1.2.0
203 silly placeDep ROOT redis-parser@3.0.0 OK for: ioredis@5.4.1 want: ^3.0.0
204 silly placeDep ROOT standard-as-callback@2.1.0 OK for: ioredis@5.4.1 want: ^2.1.0
205 silly fetch manifest ms@^2.1.3
206 silly packumentCache full:https://registry.npmjs.org/ms cache-miss
207 http fetch GET 200 https://registry.npmjs.org/ms 52ms (cache miss)
208 silly packumentCache full:https://registry.npmjs.org/ms set size:undefined disposed:false
209 silly placeDep ROOT ms@2.1.3 OK for: debug@4.3.7 want: ^2.1.3
210 silly reify moves {}
211 silly audit bulk request {
211 silly audit   '@types/accepts': [ '1.3.7' ],
211 silly audit   '@types/benchmark': [ '2.1.5' ],
211 silly audit   '@types/body-parser': [ '1.19.5' ],
211 silly audit   '@types/busboy': [ '1.5.4' ],
211 silly audit   '@types/bytes': [ '3.1.4' ],
211 silly audit   '@types/concat-stream': [ '2.0.3' ],
211 silly audit   '@types/connect': [ '3.4.38' ],
211 silly audit   '@types/content-disposition': [ '0.5.8' ],
211 silly audit   '@types/content-type': [ '1.1.8' ],
211 silly audit   '@types/cookie-signature': [ '1.1.2' ],
211 silly audit   '@types/cookiejar': [ '2.1.5' ],
211 silly audit   '@types/dateformat': [ '5.0.2' ],
211 silly audit   '@types/debug': [ '4.1.12' ],
211 silly audit   '@types/depd': [ '1.1.37' ],
211 silly audit   '@types/encodeurl': [ '1.0.2' ],
211 silly audit   '@types/escape-html': [ '1.0.4' ],
211 silly audit   '@types/eslint': [ '9.6.1' ],
211 silly audit   '@types/eslint-plugin-markdown': [ '2.0.2' ],
211 silly audit   '@types/estree': [ '1.0.6' ],
211 silly audit   '@types/etag': [ '1.8.3' ],
211 silly audit   '@types/express': [ '5.0.0' ],
211 silly audit   '@types/express-serve-static-core': [ '5.0.1' ],
211 silly audit   '@types/finalhandler': [ '1.2.3' ],
211 silly audit   '@types/forwarded': [ '0.1.3' ],
211 silly audit   '@types/fresh': [ '0.5.2' ],
211 silly audit   '@types/http-errors': [ '2.0.4' ],
211 silly audit   '@types/istanbul': [ '0.4.34' ],
211 silly audit   '@types/jquery': [ '3.5.32' ],
211 silly audit   '@types/json-schema': [ '7.0.15' ],
211 silly audit   '@types/merge-descriptors': [ '1.0.3' ],
211 silly audit   '@types/methods': [ '1.1.4' ],
211 silly audit   '@types/mime': [ '1.3.5' ],
211 silly audit   '@types/mime-types': [ '2.1.4' ],
211 silly audit   '@types/mocha': [ '10.0.10' ],
211 silly audit   '@types/ms': [ '0.7.34' ],
211 silly audit   '@types/multer': [ '1.4.12' ],
211 silly audit   '@types/mysql': [ '2.15.26' ],
211 silly audit   '@types/negotiator': [ '0.6.3' ],
211 silly audit   '@types/node': [ '22.9.3' ],
211 silly audit   '@types/object-assign': [ '4.0.33' ],
211 silly audit   '@types/on-finished': [ '2.3.4' ],
211 silly audit   '@types/parseurl': [ '1.3.3' ],
211 silly audit   '@types/proxy-addr': [ '2.0.3' ],
211 silly audit   '@types/qs': [ '6.9.17' ],
211 silly audit   '@types/readable-stream': [ '4.0.18' ],
211 silly audit   '@types/serve-static': [ '1.15.7' ],
211 silly audit   '@types/sizzle': [ '2.3.9' ],
211 silly audit   '@types/sqlstring': [ '2.3.2' ],
211 silly audit   '@types/statuses': [ '2.0.5' ],
211 silly audit   '@types/superagent': [ '8.1.9' ],
211 silly audit   '@types/supertest': [ '6.0.2' ],
211 silly audit   '@types/type-is': [ '1.6.6' ],
211 silly audit   '@types/unist': [ '3.0.3' ],
211 silly audit   '@types/utils-merge': [ '1.0.0' ],
211 silly audit   '@types/vary': [ '1.1.3' ],
211 silly audit   '@types/xtend': [ '4.0.6' ],
211 silly audit   asynckit: [ '0.4.0' ],
211 silly audit   'combined-stream': [ '1.0.8' ],
211 silly audit   'delayed-stream': [ '1.0.0' ],
211 silly audit   'form-data': [ '4.0.1' ],
211 silly audit   'mime-db': [ '1.52.0' ],
211 silly audit   'mime-types': [ '2.1.35' ],
211 silly audit   'safe-buffer': [ '5.1.2' ],
211 silly audit   'types-registry': [ '0.1.696' ],
211 silly audit   'undici-types': [ '6.19.8' ],
211 silly audit   '@types/connect-redis': [ '0.0.23' ],
211 silly audit   '@types/cookie-parser': [ '1.4.7' ],
211 silly audit   '@types/cookie-session': [ '2.0.49' ],
211 silly audit   '@types/ejs': [ '3.1.5' ],
211 silly audit   '@types/express-session': [ '1.18.0' ],
211 silly audit   '@types/hbs': [ '4.0.4' ],
211 silly audit   '@types/method-override': [ '0.0.35' ],
211 silly audit   '@types/morgan': [ '1.9.9' ],
211 silly audit   '@types/multiparty': [ '4.2.1' ],
211 silly audit   '@types/range-parser': [ '1.2.7' ],
211 silly audit   '@types/send': [ '0.17.4' ],
211 silly audit   '@types/vhost': [ '3.0.9' ],
211 silly audit   '@types/redis': [ '2.8.32' ],
211 silly audit   ioredis: [ '5.4.1' ],
211 silly audit   '@types/keygrip': [ '1.0.6' ],
211 silly audit   handlebars: [ '4.7.8' ],
211 silly audit   minimist: [ '1.2.8' ],
211 silly audit   'neo-async': [ '2.6.2' ],
211 silly audit   'source-map': [ '0.6.1' ],
211 silly audit   'uglify-js': [ '3.19.3' ],
211 silly audit   wordwrap: [ '1.0.0' ],
211 silly audit   '@ioredis/commands': [ '1.2.0' ],
211 silly audit   'cluster-key-slot': [ '1.1.2' ],
211 silly audit   debug: [ '4.3.7' ],
211 silly audit   denque: [ '2.1.0' ],
211 silly audit   'lodash.defaults': [ '4.2.0' ],
211 silly audit   'lodash.isarguments': [ '3.1.0' ],
211 silly audit   'redis-errors': [ '1.2.0' ],
211 silly audit   'redis-parser': [ '3.0.0' ],
211 silly audit   'standard-as-callback': [ '2.1.0' ],
211 silly audit   ms: [ '2.1.3' ]
211 silly audit }
212 silly tarball no local data for ms@https://registry.npmjs.org/ms/-/ms-2.1.3.tgz. Extracting by manifest.
213 silly tarball no local data for standard-as-callback@https://registry.npmjs.org/standard-as-callback/-/standard-as-callback-2.1.0.tgz. Extracting by manifest.
214 silly tarball no local data for redis-parser@https://registry.npmjs.org/redis-parser/-/redis-parser-3.0.0.tgz. Extracting by manifest.
215 silly tarball no local data for redis-errors@https://registry.npmjs.org/redis-errors/-/redis-errors-1.2.0.tgz. Extracting by manifest.
216 silly tarball no local data for lodash.isarguments@https://registry.npmjs.org/lodash.isarguments/-/lodash.isarguments-3.1.0.tgz. Extracting by manifest.
217 silly tarball no local data for lodash.defaults@https://registry.npmjs.org/lodash.defaults/-/lodash.defaults-4.2.0.tgz. Extracting by manifest.
218 silly tarball no local data for debug@https://registry.npmjs.org/debug/-/debug-4.3.7.tgz. Extracting by manifest.
219 silly tarball no local data for cluster-key-slot@https://registry.npmjs.org/cluster-key-slot/-/cluster-key-slot-1.1.2.tgz. Extracting by manifest.
220 silly tarball no local data for @ioredis/commands@https://registry.npmjs.org/@ioredis/commands/-/commands-1.2.0.tgz. Extracting by manifest.
221 silly tarball no local data for denque@https://registry.npmjs.org/denque/-/denque-2.1.0.tgz. Extracting by manifest.
222 silly tarball no local data for wordwrap@https://registry.npmjs.org/wordwrap/-/wordwrap-1.0.0.tgz. Extracting by manifest.
223 silly tarball no local data for uglify-js@https://registry.npmjs.org/uglify-js/-/uglify-js-3.19.3.tgz. Extracting by manifest.
224 silly tarball no local data for source-map@https://registry.npmjs.org/source-map/-/source-map-0.6.1.tgz. Extracting by manifest.
225 silly tarball no local data for neo-async@https://registry.npmjs.org/neo-async/-/neo-async-2.6.2.tgz. Extracting by manifest.
226 silly tarball no local data for minimist@https://registry.npmjs.org/minimist/-/minimist-1.2.8.tgz. Extracting by manifest.
227 silly tarball no local data for handlebars@https://registry.npmjs.org/handlebars/-/handlebars-4.7.8.tgz. Extracting by manifest.
228 silly tarball no local data for @types/keygrip@https://registry.npmjs.org/@types/keygrip/-/keygrip-1.0.6.tgz. Extracting by manifest.
229 silly tarball no local data for ioredis@https://registry.npmjs.org/ioredis/-/ioredis-5.4.1.tgz. Extracting by manifest.
230 silly tarball no local data for @types/vhost@https://registry.npmjs.org/@types/vhost/-/vhost-3.0.9.tgz. Extracting by manifest.
231 silly tarball no local data for @types/multiparty@https://registry.npmjs.org/@types/multiparty/-/multiparty-4.2.1.tgz. Extracting by manifest.
232 silly tarball no local data for @types/method-override@https://registry.npmjs.org/@types/method-override/-/method-override-0.0.35.tgz. Extracting by manifest.
233 silly tarball no local data for @types/morgan@https://registry.npmjs.org/@types/morgan/-/morgan-1.9.9.tgz. Extracting by manifest.
234 silly tarball no local data for @types/hbs@https://registry.npmjs.org/@types/hbs/-/hbs-4.0.4.tgz. Extracting by manifest.
235 silly tarball no local data for @types/express-session@https://registry.npmjs.org/@types/express-session/-/express-session-1.18.0.tgz. Extracting by manifest.
236 silly tarball no local data for @types/ejs@https://registry.npmjs.org/@types/ejs/-/ejs-3.1.5.tgz. Extracting by manifest.
237 silly tarball no local data for @types/redis@https://registry.npmjs.org/@types/redis/-/redis-2.8.32.tgz. Extracting by manifest.
238 silly tarball no local data for @types/cookie-session@https://registry.npmjs.org/@types/cookie-session/-/cookie-session-2.0.49.tgz. Extracting by manifest.
239 silly tarball no local data for @types/cookie-parser@https://registry.npmjs.org/@types/cookie-parser/-/cookie-parser-1.4.7.tgz. Extracting by manifest.
240 silly tarball no local data for @types/connect-redis@https://registry.npmjs.org/@types/connect-redis/-/connect-redis-0.0.23.tgz. Extracting by manifest.
241 http fetch GET 200 https://registry.npmjs.org/denque/-/denque-2.1.0.tgz 187ms (cache miss)
242 http fetch GET 200 https://registry.npmjs.org/debug/-/debug-4.3.7.tgz 194ms (cache miss)
243 http fetch GET 200 https://registry.npmjs.org/cluster-key-slot/-/cluster-key-slot-1.1.2.tgz 195ms (cache miss)
244 http fetch GET 200 https://registry.npmjs.org/standard-as-callback/-/standard-as-callback-2.1.0.tgz 202ms (cache miss)
245 http fetch GET 200 https://registry.npmjs.org/lodash.isarguments/-/lodash.isarguments-3.1.0.tgz 200ms (cache miss)
246 http fetch GET 200 https://registry.npmjs.org/lodash.defaults/-/lodash.defaults-4.2.0.tgz 200ms (cache miss)
247 http fetch GET 200 https://registry.npmjs.org/ms/-/ms-2.1.3.tgz 204ms (cache miss)
248 http fetch GET 200 https://registry.npmjs.org/@types/keygrip/-/keygrip-1.0.6.tgz 196ms (cache miss)
249 http fetch GET 200 https://registry.npmjs.org/redis-errors/-/redis-errors-1.2.0.tgz 204ms (cache miss)
250 http fetch POST 200 https://registry.npmjs.org/-/npm/v1/security/advisories/bulk 240ms
251 silly audit report {}
252 http fetch GET 200 https://registry.npmjs.org/wordwrap/-/wordwrap-1.0.0.tgz 205ms (cache miss)
253 http fetch GET 200 https://registry.npmjs.org/redis-parser/-/redis-parser-3.0.0.tgz 215ms (cache miss)
254 http fetch GET 200 https://registry.npmjs.org/@types/morgan/-/morgan-1.9.9.tgz 215ms (cache miss)
255 http fetch GET 200 https://registry.npmjs.org/@types/cookie-parser/-/cookie-parser-1.4.7.tgz 215ms (cache miss)
256 http fetch GET 200 https://registry.npmjs.org/@types/ejs/-/ejs-3.1.5.tgz 219ms (cache miss)
257 http fetch GET 200 https://registry.npmjs.org/minimist/-/minimist-1.2.8.tgz 240ms (cache miss)
258 http fetch GET 200 https://registry.npmjs.org/@ioredis/commands/-/commands-1.2.0.tgz 336ms (cache miss)
259 http fetch GET 200 https://registry.npmjs.org/source-map/-/source-map-0.6.1.tgz 380ms (cache miss)
260 http fetch GET 200 https://registry.npmjs.org/uglify-js/-/uglify-js-3.19.3.tgz 409ms (cache miss)
261 http fetch GET 200 https://registry.npmjs.org/ioredis/-/ioredis-5.4.1.tgz 407ms (cache miss)
262 http fetch GET 200 https://registry.npmjs.org/neo-async/-/neo-async-2.6.2.tgz 410ms (cache miss)
263 http fetch GET 200 https://registry.npmjs.org/handlebars/-/handlebars-4.7.8.tgz 460ms (cache miss)
264 http fetch GET 200 https://registry.npmjs.org/@types/multiparty/-/multiparty-4.2.1.tgz 760ms (cache miss)
265 http fetch GET 200 https://registry.npmjs.org/@types/express-session/-/express-session-1.18.0.tgz 768ms (cache miss)
266 http fetch GET 200 https://registry.npmjs.org/@types/vhost/-/vhost-3.0.9.tgz 771ms (cache miss)
267 http fetch GET 200 https://registry.npmjs.org/@types/hbs/-/hbs-4.0.4.tgz 771ms (cache miss)
268 http fetch GET 200 https://registry.npmjs.org/@types/cookie-session/-/cookie-session-2.0.49.tgz 803ms (cache miss)
269 http fetch GET 200 https://registry.npmjs.org/@types/method-override/-/method-override-0.0.35.tgz 811ms (cache miss)
270 http fetch GET 200 https://registry.npmjs.org/@types/connect-redis/-/connect-redis-0.0.23.tgz 841ms (cache miss)
271 http fetch GET 200 https://registry.npmjs.org/@types/redis/-/redis-2.8.32.tgz 862ms (cache miss)
272 silly ADD node_modules/ms
273 silly ADD node_modules/standard-as-callback
274 silly ADD node_modules/redis-parser
275 silly ADD node_modules/redis-errors
276 silly ADD node_modules/lodash.isarguments
277 silly ADD node_modules/lodash.defaults
278 silly ADD node_modules/denque
279 silly ADD node_modules/debug
280 silly ADD node_modules/cluster-key-slot
281 silly ADD node_modules/@ioredis/commands
282 silly ADD node_modules/wordwrap
283 silly ADD node_modules/uglify-js
284 silly ADD node_modules/source-map
285 silly ADD node_modules/neo-async
286 silly ADD node_modules/minimist
287 silly ADD node_modules/handlebars
288 silly ADD node_modules/@types/keygrip
289 silly ADD node_modules/ioredis
290 silly ADD node_modules/@types/redis
291 silly ADD node_modules/@types/vhost
292 silly ADD node_modules/@types/multiparty
293 silly ADD node_modules/@types/morgan
294 silly ADD node_modules/@types/method-override
295 silly ADD node_modules/@types/hbs
296 silly ADD node_modules/@types/express-session
297 silly ADD node_modules/@types/ejs
298 silly ADD node_modules/@types/cookie-session
299 silly ADD node_modules/@types/cookie-parser
300 silly ADD node_modules/@types/connect-redis
301 verbose cwd /home/c182b4kx3757/.cache/typescript/5.6
302 verbose os Linux 6.1.112+
303 verbose node v22.11.0
304 verbose npm  v10.9.0
305 verbose exit 0
306 info ok
