2024-11-22 15:21:03.712 [info] [main] Log level: Info
2024-11-22 15:21:03.712 [info] [main] Validating found git in: "git"
2024-11-22 15:21:03.712 [info] [main] Using git "2.43.0" from "git"
2024-11-22 15:21:03.712 [info] [Model][doInitialScan] Initial repository scan started
2024-11-22 15:21:03.712 [info] > git rev-parse --show-toplevel [2ms]
2024-11-22 15:21:03.712 [info] fatal: not a git repository (or any parent up to mount point /)
Stopping at filesystem boundary (GIT_DISCOVERY_ACROSS_FILESYSTEM not set).
2024-11-22 15:21:03.712 [info] > git rev-parse --show-toplevel [2ms]
2024-11-22 15:21:03.712 [info] fatal: not a git repository (or any parent up to mount point /)
Stopping at filesystem boundary (GIT_DISCOVERY_ACROSS_FILESYSTEM not set).
2024-11-22 15:21:03.712 [info] > git rev-parse --show-toplevel [2ms]
2024-11-22 15:21:03.712 [info] fatal: not a git repository (or any parent up to mount point /)
Stopping at filesystem boundary (GIT_DISCOVERY_ACROSS_FILESYSTEM not set).
2024-11-22 15:21:03.712 [info] > git rev-parse --show-toplevel [2ms]
2024-11-22 15:21:03.712 [info] fatal: not a git repository (or any parent up to mount point /)
Stopping at filesystem boundary (GIT_DISCOVERY_ACROSS_FILESYSTEM not set).
2024-11-22 15:21:03.712 [info] > git rev-parse --show-toplevel [2ms]
2024-11-22 15:21:03.712 [info] fatal: not a git repository (or any parent up to mount point /)
Stopping at filesystem boundary (GIT_DISCOVERY_ACROSS_FILESYSTEM not set).
2024-11-22 15:21:03.712 [info] > git rev-parse --show-toplevel [2ms]
2024-11-22 15:21:03.712 [info] fatal: not a git repository (or any parent up to mount point /)
Stopping at filesystem boundary (GIT_DISCOVERY_ACROSS_FILESYSTEM not set).
2024-11-22 15:21:03.712 [info] > git rev-parse --show-toplevel [1ms]
2024-11-22 15:21:03.712 [info] fatal: not a git repository (or any parent up to mount point /)
Stopping at filesystem boundary (GIT_DISCOVERY_ACROSS_FILESYSTEM not set).
2024-11-22 15:21:03.712 [info] > git rev-parse --show-toplevel [2ms]
2024-11-22 15:21:03.712 [info] fatal: not a git repository (or any parent up to mount point /)
Stopping at filesystem boundary (GIT_DISCOVERY_ACROSS_FILESYSTEM not set).
2024-11-22 15:21:03.712 [info] > git rev-parse --show-toplevel [2ms]
2024-11-22 15:21:03.712 [info] fatal: not a git repository (or any parent up to mount point /)
Stopping at filesystem boundary (GIT_DISCOVERY_ACROSS_FILESYSTEM not set).
2024-11-22 15:21:03.712 [info] > git rev-parse --show-toplevel [1ms]
2024-11-22 15:21:03.712 [info] fatal: not a git repository (or any parent up to mount point /)
Stopping at filesystem boundary (GIT_DISCOVERY_ACROSS_FILESYSTEM not set).
2024-11-22 15:21:03.712 [info] > git rev-parse --show-toplevel [1ms]
2024-11-22 15:21:03.712 [info] fatal: not a git repository (or any parent up to mount point /)
Stopping at filesystem boundary (GIT_DISCOVERY_ACROSS_FILESYSTEM not set).
2024-11-22 15:21:03.713 [info] > git rev-parse --show-toplevel [2ms]
2024-11-22 15:21:03.713 [info] fatal: not a git repository (or any parent up to mount point /)
Stopping at filesystem boundary (GIT_DISCOVERY_ACROSS_FILESYSTEM not set).
2024-11-22 15:21:03.713 [info] [Model][doInitialScan] Initial repository scan completed - repositories (0), closed repositories (0), parent repositories (0), unsafe repositories (0)
2024-11-22 15:21:16.796 [info] > git rev-parse --show-toplevel [7ms]
2024-11-22 15:21:16.796 [info] fatal: not a git repository (or any parent up to mount point /)
Stopping at filesystem boundary (GIT_DISCOVERY_ACROSS_FILESYSTEM not set).
