2024-11-24 15:35:25.437 [info] Extension host with pid 2192 started
2024-11-24 15:35:25.437 [error] Error: EEXIST: file already exists, open '/home/c182b4kx3757/.codeoss/data/User/workspaceStorage/-2b846e1f/vscode.lock'
2024-11-24 15:35:25.456 [info] Lock '/home/c182b4kx3757/.codeoss/data/User/workspaceStorage/-2b846e1f/vscode.lock': Could not acquire lock, checking if the file is stale.
2024-11-24 15:35:25.457 [info] Lock '/home/c182b4kx3757/.codeoss/data/User/workspaceStorage/-2b846e1f/vscode.lock': The pid 2795 appears to be gone.
2024-11-24 15:35:25.457 [info] Lock '/home/c182b4kx3757/.codeoss/data/User/workspaceStorage/-2b846e1f/vscode.lock': Deleting a stale lock.
2024-11-24 15:35:25.466 [info] Lock '/home/c182b4kx3757/.codeoss/data/User/workspaceStorage/-2b846e1f/vscode.lock': Lock acquired.
2024-11-24 15:35:27.196 [info] ExtensionService#_doActivateExtension vscode.emmet, startup: false, activationEvent: 'onLanguage'
2024-11-24 15:35:27.197 [info] ExtensionService#_doActivateExtension vscode.html-language-features, startup: false, activationEvent: 'onLanguage:html'
2024-11-24 15:35:28.040 [info] ExtensionService#_doActivateExtension vscode.git-base, startup: true, activationEvent: '*', root cause: vscode.git
2024-11-24 15:35:29.916 [info] ExtensionService#_doActivateExtension vscode.git, startup: true, activationEvent: '*'
2024-11-24 15:35:29.917 [info] ExtensionService#_doActivateExtension vscode.github, startup: true, activationEvent: '*'
2024-11-24 15:35:30.765 [info] ExtensionService#_doActivateExtension vscode.github-authentication, startup: false, activationEvent: 'onAuthenticationRequest:github'
2024-11-24 15:35:34.143 [info] ExtensionService#_doActivateExtension vscode.typescript-language-features, startup: false, activationEvent: 'onLanguage:javascript'
2024-11-24 15:35:35.044 [info] Not activating extension 'redhat.fabric8-analytics': Timed out while searching for 'workspaceContains' pattern **/package.json,**/pom.xml,**/go.mod,**/requirements.txt,**/build.gradle,**/Dockerfile,**/Containerfile
2024-11-24 15:35:35.045 [info] Not activating extension 'redhat.java': Timed out while searching for 'workspaceContains' pattern */pom.xml,*/build.gradle,*/settings.gradle,*/build.gradle.kts,*/settings.gradle.kts,*/.classpath
2024-11-24 15:35:35.045 [info] Not activating extension 'vscjava.vscode-java-dependency': Timed out while searching for 'workspaceContains' pattern */pom.xml,*/build.gradle,*/settings.gradle,*/build.gradle.kts,*/settings.gradle.kts,*/.classpath
2024-11-24 15:35:35.045 [info] Not activating extension 'vscjava.vscode-java-test': Timed out while searching for 'workspaceContains' pattern */pom.xml,*/build.gradle,*/settings.gradle,*/build.gradle.kts,*/settings.gradle.kts,*/.classpath
2024-11-24 15:35:35.045 [info] Not activating extension 'vscjava.vscode-maven': Timed out while searching for 'workspaceContains' pattern **/pom.xml
2024-11-24 15:35:36.230 [info] Eager extensions activated
2024-11-24 15:35:36.231 [info] ExtensionService#_doActivateExtension EditorConfig.EditorConfig, startup: false, activationEvent: 'onStartupFinished'
2024-11-24 15:35:36.232 [info] ExtensionService#_doActivateExtension google.cloud-shell, startup: false, activationEvent: 'onStartupFinished'
2024-11-24 15:35:36.232 [info] ExtensionService#_doActivateExtension googlecloudtools.cloudcode, startup: false, activationEvent: 'onStartupFinished'
2024-11-24 15:35:36.233 [info] ExtensionService#_doActivateExtension vscode.debug-auto-launch, startup: false, activationEvent: 'onStartupFinished'
2024-11-24 15:35:36.234 [info] ExtensionService#_doActivateExtension vscode.merge-conflict, startup: false, activationEvent: 'onStartupFinished'
2024-11-24 15:35:42.175 [info] ExtensionService#_doActivateExtension vscode.configuration-editing, startup: false, activationEvent: 'onLanguage:jsonc'
2024-11-24 15:35:42.176 [info] ExtensionService#_doActivateExtension vscode.json-language-features, startup: false, activationEvent: 'onLanguage:jsonc'
2024-11-24 15:47:54.084 [info] ExtensionService#_doActivateExtension vscode.simple-browser, startup: false, activationEvent: 'onOpenExternalUri:https'
2024-11-24 16:14:06.121 [info] ExtensionService#_doActivateExtension vscode.extension-editing, startup: false, activationEvent: 'onLanguage:json'
2024-11-24 16:14:06.122 [info] ExtensionService#_doActivateExtension vscode.npm, startup: false, activationEvent: 'onLanguage:json'
2024-11-24 17:07:04.113 [info] ExtensionService#_doActivateExtension vscode.php-language-features, startup: false, activationEvent: 'onLanguage:php'
