2024-12-07 07:10:22.596 [info] [main] Log level: Info
2024-12-07 07:10:22.596 [info] [main] Validating found git in: "git"
2024-12-07 07:10:22.596 [info] [main] Using git "2.43.0" from "git"
2024-12-07 07:10:22.596 [info] [Model][doInitialScan] Initial repository scan started
2024-12-07 07:10:22.596 [info] > git rev-parse --show-toplevel [4ms]
2024-12-07 07:10:22.596 [info] fatal: not a git repository (or any parent up to mount point /)
Stopping at filesystem boundary (GIT_DISCOVERY_ACROSS_FILESYSTEM not set).
2024-12-07 07:10:22.596 [info] > git rev-parse --show-toplevel [37ms]
2024-12-07 07:10:22.596 [info] > git rev-parse --git-dir --git-common-dir [1ms]
2024-12-07 07:10:22.596 [info] [Model][openRepository] Opened repository: /home/c182b4kx3757/frontend
2024-12-07 07:10:22.596 [info] > git config --get commit.template [4ms]
2024-12-07 07:10:22.596 [info] > git rev-parse --show-toplevel [2ms]
2024-12-07 07:10:22.596 [info] fatal: not a git repository (or any parent up to mount point /)
Stopping at filesystem boundary (GIT_DISCOVERY_ACROSS_FILESYSTEM not set).
2024-12-07 07:10:22.596 [info] > git rev-parse --show-toplevel [1ms]
2024-12-07 07:10:22.596 [info] fatal: not a git repository (or any parent up to mount point /)
Stopping at filesystem boundary (GIT_DISCOVERY_ACROSS_FILESYSTEM not set).
2024-12-07 07:10:22.596 [info] > git rev-parse --show-toplevel [1ms]
2024-12-07 07:10:22.596 [info] fatal: not a git repository (or any parent up to mount point /)
Stopping at filesystem boundary (GIT_DISCOVERY_ACROSS_FILESYSTEM not set).
2024-12-07 07:10:22.596 [info] > git rev-parse --show-toplevel [1ms]
2024-12-07 07:10:22.596 [info] fatal: not a git repository (or any parent up to mount point /)
Stopping at filesystem boundary (GIT_DISCOVERY_ACROSS_FILESYSTEM not set).
2024-12-07 07:10:22.596 [info] > git rev-parse --show-toplevel [1ms]
2024-12-07 07:10:22.596 [info] fatal: not a git repository (or any parent up to mount point /)
Stopping at filesystem boundary (GIT_DISCOVERY_ACROSS_FILESYSTEM not set).
2024-12-07 07:10:22.596 [info] > git rev-parse --show-toplevel [2ms]
2024-12-07 07:10:22.596 [info] fatal: not a git repository (or any parent up to mount point /)
Stopping at filesystem boundary (GIT_DISCOVERY_ACROSS_FILESYSTEM not set).
2024-12-07 07:10:22.596 [info] > git rev-parse --show-toplevel [27ms]
2024-12-07 07:10:22.596 [info] > git rev-parse --git-dir --git-common-dir [2ms]
2024-12-07 07:10:22.596 [info] [Model][openRepository] Opened repository: /home/c182b4kx3757/backend
2024-12-07 07:10:22.596 [info] > git config --get commit.template [3ms]
2024-12-07 07:10:22.596 [info] > git rev-parse --show-toplevel [2ms]
2024-12-07 07:10:22.596 [info] fatal: not a git repository (or any parent up to mount point /)
Stopping at filesystem boundary (GIT_DISCOVERY_ACROSS_FILESYSTEM not set).
2024-12-07 07:10:22.596 [info] > git rev-parse --show-toplevel [1ms]
2024-12-07 07:10:22.596 [info] fatal: not a git repository (or any parent up to mount point /)
Stopping at filesystem boundary (GIT_DISCOVERY_ACROSS_FILESYSTEM not set).
2024-12-07 07:10:22.596 [info] > git rev-parse --show-toplevel [2ms]
2024-12-07 07:10:22.596 [info] fatal: not a git repository (or any parent up to mount point /)
Stopping at filesystem boundary (GIT_DISCOVERY_ACROSS_FILESYSTEM not set).
2024-12-07 07:10:22.596 [info] [Model][doInitialScan] Initial repository scan completed - repositories (2), closed repositories (0), parent repositories (0), unsafe repositories (0)
2024-12-07 07:10:22.596 [info] > git for-each-ref --format=%(refname)%00%(upstream:short)%00%(objectname)%00%(upstream:track)%00%(upstream:remotename)%00%(upstream:remoteref) refs/heads/money-tracker refs/remotes/money-tracker [88ms]
2024-12-07 07:10:22.596 [warning] [Git][revParse] Unable to read file: ENOENT: no such file or directory, open '/home/c182b4kx3757/frontend/.git/refs/remotes/origin/money-tracker'
2024-12-07 07:10:22.596 [info] > git rev-parse refs/remotes/origin/money-tracker [2ms]
2024-12-07 07:10:22.596 [info] > git for-each-ref --sort -committerdate --format %(refname) %(objectname) %(*objectname) [18ms]
2024-12-07 07:10:22.596 [info] > git for-each-ref --format=%(refname)%00%(upstream:short)%00%(objectname)%00%(upstream:track)%00%(upstream:remotename)%00%(upstream:remoteref) refs/heads/money-tracker-api refs/remotes/money-tracker-api [71ms]
2024-12-07 07:10:22.596 [warning] [Git][revParse] Unable to read file: ENOENT: no such file or directory, open '/home/c182b4kx3757/backend/.git/refs/remotes/origin/money-tracker-api'
2024-12-07 07:10:22.596 [info] > git rev-parse refs/remotes/origin/money-tracker-api [1ms]
2024-12-07 07:10:22.596 [info] > git for-each-ref --sort -committerdate --format %(refname) %(objectname) %(*objectname) [11ms]
2024-12-07 07:10:22.635 [info] > git status -z -uall [629ms]
2024-12-07 07:10:22.654 [info] > git for-each-ref --format=%(refname)%00%(upstream:short)%00%(objectname)%00%(upstream:track)%00%(upstream:remotename)%00%(upstream:remoteref) refs/heads/money-tracker-api refs/remotes/money-tracker-api [7ms]
2024-12-07 07:10:22.658 [info] > git config --get commit.template [4ms]
2024-12-07 07:10:22.658 [info] > git config --local branch.money-tracker-api.vscode-merge-base [1ms]
2024-12-07 07:10:22.664 [info] > git for-each-ref --format=%(refname)%00%(upstream:short)%00%(objectname)%00%(upstream:track)%00%(upstream:remotename)%00%(upstream:remoteref) refs/heads/origin/gke-lab refs/remotes/origin/gke-lab [3ms]
2024-12-07 07:10:22.704 [info] > git merge-base refs/heads/money-tracker-api refs/remotes/origin/money-tracker-api [36ms]
2024-12-07 07:10:22.708 [info] > git for-each-ref --format=%(refname)%00%(upstream:short)%00%(objectname)%00%(upstream:track)%00%(upstream:remotename)%00%(upstream:remoteref) refs/heads/money-tracker-api refs/remotes/money-tracker-api [45ms]
2024-12-07 07:10:22.711 [warning] [Git][revParse] Unable to read file: ENOENT: no such file or directory, open '/home/c182b4kx3757/backend/.git/refs/remotes/origin/money-tracker-api'
2024-12-07 07:10:22.711 [info] > git diff --name-status -z --diff-filter=ADMR 824890749a8d45aaa38541edd391500712a60254...refs/remotes/origin/money-tracker-api [4ms]
2024-12-07 07:10:22.713 [info] > git rev-parse refs/remotes/origin/money-tracker-api [2ms]
2024-12-07 07:10:22.722 [info] > git for-each-ref --sort -committerdate --format %(refname) %(objectname) %(*objectname) [3ms]
2024-12-07 07:10:22.800 [info] > git status -z -uall [85ms]
2024-12-07 07:10:23.324 [info] > git status -z -uall [1372ms]
2024-12-07 07:10:23.335 [info] > git for-each-ref --format=%(refname)%00%(upstream:short)%00%(objectname)%00%(upstream:track)%00%(upstream:remotename)%00%(upstream:remoteref) refs/heads/money-tracker refs/remotes/money-tracker [5ms]
2024-12-07 07:10:23.338 [info] > git config --get commit.template [4ms]
2024-12-07 07:10:23.342 [info] > git config --local branch.money-tracker.vscode-merge-base [5ms]
2024-12-07 07:10:23.347 [info] > git for-each-ref --format=%(refname)%00%(upstream:short)%00%(objectname)%00%(upstream:track)%00%(upstream:remotename)%00%(upstream:remoteref) refs/heads/money-tracker refs/remotes/money-tracker [6ms]
2024-12-07 07:10:23.350 [warning] [Git][revParse] Unable to read file: ENOENT: no such file or directory, open '/home/c182b4kx3757/frontend/.git/refs/remotes/origin/money-tracker'
2024-12-07 07:10:23.350 [info] > git for-each-ref --format=%(refname)%00%(upstream:short)%00%(objectname)%00%(upstream:track)%00%(upstream:remotename)%00%(upstream:remoteref) refs/heads/origin/gke-lab refs/remotes/origin/gke-lab [4ms]
2024-12-07 07:10:23.355 [info] > git rev-parse refs/remotes/origin/money-tracker [5ms]
2024-12-07 07:10:23.370 [info] > git for-each-ref --sort -committerdate --format %(refname) %(objectname) %(*objectname) [9ms]
2024-12-07 07:10:23.371 [info] > git merge-base refs/heads/money-tracker refs/remotes/origin/money-tracker [18ms]
2024-12-07 07:10:23.375 [info] > git check-ignore -v -z --stdin [10ms]
2024-12-07 07:10:23.377 [info] > git check-ignore -v -z --stdin [9ms]
2024-12-07 07:10:23.378 [info] > git diff --name-status -z --diff-filter=ADMR 7d57bdedbe5720fb29e2af7d751cf0fa4b5f552d...refs/remotes/origin/money-tracker [4ms]
2024-12-07 07:10:23.597 [info] > git status -z -uall [239ms]
2024-12-07 07:10:24.728 [info] > git show --textconv :app.yaml [5ms]
2024-12-07 07:10:24.730 [info] > git ls-files --stage -- /home/c182b4kx3757/frontend/app.yaml [2ms]
2024-12-07 07:10:24.734 [info] > git cat-file -s 4f757757ded294499eac4f9602496bbe1e72be55 [2ms]
2024-12-07 07:10:28.236 [info] > git check-ignore -v -z --stdin [17ms]
2024-12-07 07:10:42.114 [info] > git check-ignore -v -z --stdin [3ms]
2024-12-07 07:18:24.735 [info] > git rev-parse --show-toplevel [1ms]
2024-12-07 07:18:24.743 [info] > git rev-parse --git-dir --git-common-dir [2ms]
2024-12-07 07:18:24.749 [info] [Model][openRepository] Opened repository: /home/c182b4kx3757
2024-12-07 07:18:24.759 [info] > git config --get commit.template [2ms]
2024-12-07 07:18:24.765 [info] [Git][getRemotes] No remotes found in the git config file
2024-12-07 07:18:24.766 [info] > git for-each-ref --format=%(refname)%00%(upstream:short)%00%(objectname)%00%(upstream:track)%00%(upstream:remotename)%00%(upstream:remoteref) refs/heads/master refs/remotes/master [2ms]
2024-12-07 07:18:24.767 [warning] [Git][getBranch] No such branch: master
2024-12-07 07:18:24.781 [info] > git for-each-ref --sort -committerdate --format %(refname) %(objectname) %(*objectname) [1ms]
2024-12-07 07:18:24.802 [info] > git status -z -uall [30ms]
2024-12-07 07:18:25.119 [info] > git for-each-ref --format=%(refname)%00%(upstream:short)%00%(objectname)%00%(upstream:track)%00%(upstream:remotename)%00%(upstream:remoteref) refs/heads/master refs/remotes/master [258ms]
2024-12-07 07:18:25.119 [warning] [Git][getBranch] No such branch: master
2024-12-07 07:18:25.120 [error] [GitHistoryProvider][resolveHEADMergeBase] Failed to resolve merge base for master: Error: No such branch: master.
2024-12-07 07:18:25.127 [info] > git config --get commit.template [12ms]
2024-12-07 07:18:25.136 [info] [Git][getRemotes] No remotes found in the git config file
2024-12-07 07:18:25.138 [info] > git for-each-ref --format=%(refname)%00%(upstream:short)%00%(objectname)%00%(upstream:track)%00%(upstream:remotename)%00%(upstream:remoteref) refs/heads/master refs/remotes/master [2ms]
2024-12-07 07:18:25.138 [warning] [Git][getBranch] No such branch: master
2024-12-07 07:18:25.155 [info] > git for-each-ref --sort -committerdate --format %(refname) %(objectname) %(*objectname) [5ms]
2024-12-07 07:18:25.171 [info] > git status -z -uall [27ms]
2024-12-07 07:18:25.627 [info] > git check-ignore -v -z --stdin [2ms]
2024-12-07 07:19:03.861 [info] [Git][getRemotes] No remotes found in the git config file
2024-12-07 07:19:03.862 [info] > git config --get commit.template [6ms]
2024-12-07 07:19:03.863 [info] > git for-each-ref --format=%(refname)%00%(upstream:short)%00%(objectname)%00%(upstream:track)%00%(upstream:remotename)%00%(upstream:remoteref) refs/heads/master refs/remotes/master [1ms]
2024-12-07 07:19:03.863 [warning] [Git][getBranch] No such branch: master
2024-12-07 07:19:03.877 [info] > git for-each-ref --sort -committerdate --format %(refname) %(objectname) %(*objectname) [3ms]
2024-12-07 07:19:03.895 [info] > git status -z -uall [27ms]
2024-12-07 07:19:08.937 [info] [Git][getRemotes] No remotes found in the git config file
2024-12-07 07:19:08.938 [info] > git config --get commit.template [7ms]
2024-12-07 07:19:08.938 [info] > git for-each-ref --format=%(refname)%00%(upstream:short)%00%(objectname)%00%(upstream:track)%00%(upstream:remotename)%00%(upstream:remoteref) refs/heads/master refs/remotes/master [2ms]
2024-12-07 07:19:08.938 [warning] [Git][getBranch] No such branch: master
2024-12-07 07:19:08.952 [info] > git for-each-ref --sort -committerdate --format %(refname) %(objectname) %(*objectname) [2ms]
2024-12-07 07:19:08.968 [info] > git status -z -uall [24ms]
2024-12-07 07:19:09.276 [info] > git check-ignore -v -z --stdin [14ms]
2024-12-07 07:19:09.276 [info] > git check-ignore -v -z --stdin [8ms]
2024-12-07 07:19:09.277 [info] > git check-ignore -v -z --stdin [3ms]
2024-12-07 07:19:48.362 [info] [Git][getRemotes] No remotes found in the git config file
2024-12-07 07:19:48.363 [info] > git config --get commit.template [7ms]
2024-12-07 07:19:48.364 [info] > git for-each-ref --format=%(refname)%00%(upstream:short)%00%(objectname)%00%(upstream:track)%00%(upstream:remotename)%00%(upstream:remoteref) refs/heads/master refs/remotes/master [2ms]
2024-12-07 07:19:48.364 [warning] [Git][getBranch] No such branch: master
2024-12-07 07:19:48.377 [info] > git for-each-ref --sort -committerdate --format %(refname) %(objectname) %(*objectname) [2ms]
2024-12-07 07:19:48.393 [info] > git status -z -uall [24ms]
2024-12-07 07:26:10.726 [info] > git config --get commit.template [7ms]
2024-12-07 07:26:10.727 [info] > git config --get commit.template [14ms]
2024-12-07 07:26:10.728 [info] > git config --get commit.template [3ms]
2024-12-07 07:26:10.747 [info] > git for-each-ref --format=%(refname)%00%(upstream:short)%00%(objectname)%00%(upstream:track)%00%(upstream:remotename)%00%(upstream:remoteref) refs/heads/money-tracker-api refs/remotes/money-tracker-api [7ms]
2024-12-07 07:26:10.747 [info] > git for-each-ref --format=%(refname)%00%(upstream:short)%00%(objectname)%00%(upstream:track)%00%(upstream:remotename)%00%(upstream:remoteref) refs/heads/main refs/remotes/main [13ms]
2024-12-07 07:26:10.747 [warning] [Git][getBranch] No such branch: main
2024-12-07 07:26:10.767 [warning] [Git][revParse] Unable to read file: ENOENT: no such file or directory, open '/home/c182b4kx3757/backend/.git/refs/remotes/origin/money-tracker-api'
2024-12-07 07:26:10.768 [info] > git for-each-ref --format=%(refname)%00%(upstream:short)%00%(objectname)%00%(upstream:track)%00%(upstream:remotename)%00%(upstream:remoteref) refs/heads/money-tracker refs/remotes/money-tracker [23ms]
2024-12-07 07:26:10.768 [info] > git for-each-ref --sort -committerdate --format %(refname) %(objectname) %(*objectname) [9ms]
2024-12-07 07:26:10.775 [warning] [Git][revParse] Unable to read file: ENOENT: no such file or directory, open '/home/c182b4kx3757/frontend/.git/refs/remotes/origin/money-tracker'
2024-12-07 07:26:10.777 [info] > git rev-parse refs/remotes/origin/money-tracker-api [9ms]
2024-12-07 07:26:10.792 [info] > git rev-parse refs/remotes/origin/money-tracker [16ms]
2024-12-07 07:26:10.814 [info] > git status -z -uall [31ms]
2024-12-07 07:26:10.815 [info] > git for-each-ref --sort -committerdate --format %(refname) %(objectname) %(*objectname) [25ms]
2024-12-07 07:26:10.823 [info] > git status -z -uall [24ms]
2024-12-07 07:26:10.825 [info] > git for-each-ref --sort -committerdate --format %(refname) %(objectname) %(*objectname) [12ms]
2024-12-07 07:26:10.827 [info] > git status -z -uall [74ms]
2024-12-07 07:26:10.872 [info] > git for-each-ref --format=%(refname)%00%(upstream:short)%00%(objectname)%00%(upstream:track)%00%(upstream:remotename)%00%(upstream:remoteref) refs/heads/main refs/remotes/main [1ms]
2024-12-07 07:26:10.872 [warning] [Git][getBranch] No such branch: main
2024-12-07 07:26:10.872 [error] [GitHistoryProvider][resolveHEADMergeBase] Failed to resolve merge base for main: Error: No such branch: main.
2024-12-07 07:26:10.882 [info] > git ls-files --stage -- /home/c182b4kx3757/frontend/app.yaml [2ms]
2024-12-07 07:26:10.889 [info] > git cat-file -s 4f757757ded294499eac4f9602496bbe1e72be55 [2ms]
2024-12-07 07:26:11.476 [info] > git show --textconv :app.yaml [4ms]
2024-12-07 07:26:15.885 [info] > git config --get commit.template [8ms]
2024-12-07 07:26:15.886 [info] > git for-each-ref --format=%(refname)%00%(upstream:short)%00%(objectname)%00%(upstream:track)%00%(upstream:remotename)%00%(upstream:remoteref) refs/heads/main refs/remotes/main [1ms]
2024-12-07 07:26:15.886 [warning] [Git][getBranch] No such branch: main
2024-12-07 07:26:15.900 [info] > git for-each-ref --sort -committerdate --format %(refname) %(objectname) %(*objectname) [2ms]
2024-12-07 07:26:15.949 [info] > git status -z -uall [58ms]
2024-12-07 07:26:20.988 [info] > git config --get commit.template [7ms]
2024-12-07 07:26:20.989 [info] > git for-each-ref --format=%(refname)%00%(upstream:short)%00%(objectname)%00%(upstream:track)%00%(upstream:remotename)%00%(upstream:remoteref) refs/heads/main refs/remotes/main [2ms]
2024-12-07 07:26:20.989 [warning] [Git][getBranch] No such branch: main
2024-12-07 07:26:21.003 [info] > git for-each-ref --sort -committerdate --format %(refname) %(objectname) %(*objectname) [2ms]
2024-12-07 07:26:21.050 [info] > git status -z -uall [56ms]
2024-12-07 07:26:26.089 [info] > git config --get commit.template [7ms]
2024-12-07 07:26:26.090 [info] > git for-each-ref --format=%(refname)%00%(upstream:short)%00%(objectname)%00%(upstream:track)%00%(upstream:remotename)%00%(upstream:remoteref) refs/heads/main refs/remotes/main [2ms]
2024-12-07 07:26:26.091 [warning] [Git][getBranch] No such branch: main
2024-12-07 07:26:26.105 [info] > git for-each-ref --sort -committerdate --format %(refname) %(objectname) %(*objectname) [2ms]
2024-12-07 07:26:26.152 [info] > git status -z -uall [56ms]
2024-12-07 07:26:31.188 [info] > git config --get commit.template [7ms]
2024-12-07 07:26:31.189 [info] > git for-each-ref --format=%(refname)%00%(upstream:short)%00%(objectname)%00%(upstream:track)%00%(upstream:remotename)%00%(upstream:remoteref) refs/heads/main refs/remotes/main [2ms]
2024-12-07 07:26:31.192 [warning] [Git][getBranch] No such branch: main
2024-12-07 07:26:31.207 [info] > git for-each-ref --sort -committerdate --format %(refname) %(objectname) %(*objectname) [2ms]
2024-12-07 07:26:31.253 [info] > git status -z -uall [55ms]
2024-12-07 07:26:36.289 [info] > git config --get commit.template [6ms]
2024-12-07 07:26:36.289 [info] > git for-each-ref --format=%(refname)%00%(upstream:short)%00%(objectname)%00%(upstream:track)%00%(upstream:remotename)%00%(upstream:remoteref) refs/heads/main refs/remotes/main [1ms]
2024-12-07 07:26:36.290 [warning] [Git][getBranch] No such branch: main
2024-12-07 07:26:36.304 [info] > git for-each-ref --sort -committerdate --format %(refname) %(objectname) %(*objectname) [2ms]
2024-12-07 07:26:36.352 [info] > git status -z -uall [56ms]
2024-12-07 07:26:41.384 [info] > git config --get commit.template [7ms]
2024-12-07 07:26:41.385 [info] > git for-each-ref --format=%(refname)%00%(upstream:short)%00%(objectname)%00%(upstream:track)%00%(upstream:remotename)%00%(upstream:remoteref) refs/heads/main refs/remotes/main [2ms]
2024-12-07 07:26:41.386 [warning] [Git][getBranch] No such branch: main
2024-12-07 07:26:41.400 [info] > git for-each-ref --sort -committerdate --format %(refname) %(objectname) %(*objectname) [2ms]
2024-12-07 07:26:41.446 [info] > git status -z -uall [55ms]
2024-12-07 07:26:46.488 [info] > git config --get commit.template [7ms]
2024-12-07 07:26:46.489 [info] > git for-each-ref --format=%(refname)%00%(upstream:short)%00%(objectname)%00%(upstream:track)%00%(upstream:remotename)%00%(upstream:remoteref) refs/heads/main refs/remotes/main [2ms]
2024-12-07 07:26:46.490 [warning] [Git][getBranch] No such branch: main
2024-12-07 07:26:46.504 [info] > git for-each-ref --sort -committerdate --format %(refname) %(objectname) %(*objectname) [2ms]
2024-12-07 07:26:46.554 [info] > git status -z -uall [59ms]
2024-12-07 07:26:48.377 [info] > git ls-files --stage -- /home/c182b4kx3757/frontend/app.yaml [3ms]
2024-12-07 07:26:48.384 [info] > git cat-file -s 4f757757ded294499eac4f9602496bbe1e72be55 [2ms]
2024-12-07 07:26:48.500 [info] > git show --textconv :app.yaml [3ms]
2024-12-07 07:26:51.588 [info] > git config --get commit.template [7ms]
2024-12-07 07:26:51.589 [info] > git for-each-ref --format=%(refname)%00%(upstream:short)%00%(objectname)%00%(upstream:track)%00%(upstream:remotename)%00%(upstream:remoteref) refs/heads/main refs/remotes/main [2ms]
2024-12-07 07:26:51.589 [warning] [Git][getBranch] No such branch: main
2024-12-07 07:26:51.604 [info] > git for-each-ref --sort -committerdate --format %(refname) %(objectname) %(*objectname) [2ms]
2024-12-07 07:26:51.651 [info] > git status -z -uall [56ms]
2024-12-07 07:26:56.685 [info] > git config --get commit.template [7ms]
2024-12-07 07:26:56.686 [info] > git for-each-ref --format=%(refname)%00%(upstream:short)%00%(objectname)%00%(upstream:track)%00%(upstream:remotename)%00%(upstream:remoteref) refs/heads/main refs/remotes/main [2ms]
2024-12-07 07:26:56.686 [warning] [Git][getBranch] No such branch: main
2024-12-07 07:26:56.701 [info] > git for-each-ref --sort -committerdate --format %(refname) %(objectname) %(*objectname) [2ms]
2024-12-07 07:26:56.748 [info] > git status -z -uall [56ms]
2024-12-07 07:27:01.784 [info] > git config --get commit.template [7ms]
2024-12-07 07:27:01.785 [info] > git for-each-ref --format=%(refname)%00%(upstream:short)%00%(objectname)%00%(upstream:track)%00%(upstream:remotename)%00%(upstream:remoteref) refs/heads/main refs/remotes/main [1ms]
2024-12-07 07:27:01.794 [warning] [Git][getBranch] No such branch: main
2024-12-07 07:27:01.809 [info] > git for-each-ref --sort -committerdate --format %(refname) %(objectname) %(*objectname) [2ms]
2024-12-07 07:27:01.856 [info] > git status -z -uall [56ms]
2024-12-07 07:27:06.889 [info] > git config --get commit.template [6ms]
2024-12-07 07:27:06.890 [info] > git for-each-ref --format=%(refname)%00%(upstream:short)%00%(objectname)%00%(upstream:track)%00%(upstream:remotename)%00%(upstream:remoteref) refs/heads/main refs/remotes/main [2ms]
2024-12-07 07:27:06.901 [warning] [Git][getBranch] No such branch: main
2024-12-07 07:27:06.915 [info] > git for-each-ref --sort -committerdate --format %(refname) %(objectname) %(*objectname) [2ms]
2024-12-07 07:27:06.965 [info] > git status -z -uall [58ms]
2024-12-07 07:27:11.996 [info] > git config --get commit.template [7ms]
2024-12-07 07:27:11.997 [info] > git for-each-ref --format=%(refname)%00%(upstream:short)%00%(objectname)%00%(upstream:track)%00%(upstream:remotename)%00%(upstream:remoteref) refs/heads/main refs/remotes/main [2ms]
2024-12-07 07:27:12.006 [warning] [Git][getBranch] No such branch: main
2024-12-07 07:27:12.020 [info] > git for-each-ref --sort -committerdate --format %(refname) %(objectname) %(*objectname) [2ms]
2024-12-07 07:27:12.067 [info] > git status -z -uall [54ms]
2024-12-07 07:29:58.736 [info] > git config --get commit.template [6ms]
2024-12-07 07:29:58.737 [info] > git for-each-ref --format=%(refname)%00%(upstream:short)%00%(objectname)%00%(upstream:track)%00%(upstream:remotename)%00%(upstream:remoteref) refs/heads/main refs/remotes/main [2ms]
2024-12-07 07:29:58.737 [warning] [Git][getBranch] No such branch: main
2024-12-07 07:29:58.752 [info] > git for-each-ref --sort -committerdate --format %(refname) %(objectname) %(*objectname) [1ms]
2024-12-07 07:29:58.800 [info] > git status -z -uall [58ms]
2024-12-07 07:30:02.885 [info] > git ls-files --stage -- /home/c182b4kx3757/frontend/app.yaml [2ms]
2024-12-07 07:30:02.893 [info] > git cat-file -s 4f757757ded294499eac4f9602496bbe1e72be55 [1ms]
2024-12-07 07:30:03.071 [info] > git show --textconv :app.yaml [3ms]
2024-12-07 07:30:03.846 [info] > git config --get commit.template [7ms]
2024-12-07 07:30:03.847 [info] > git for-each-ref --format=%(refname)%00%(upstream:short)%00%(objectname)%00%(upstream:track)%00%(upstream:remotename)%00%(upstream:remoteref) refs/heads/main refs/remotes/main [2ms]
2024-12-07 07:30:03.847 [warning] [Git][getBranch] No such branch: main
2024-12-07 07:30:03.863 [info] > git for-each-ref --sort -committerdate --format %(refname) %(objectname) %(*objectname) [2ms]
2024-12-07 07:30:03.910 [info] > git status -z -uall [58ms]
2024-12-07 07:30:10.163 [info] > git config --get commit.template [6ms]
2024-12-07 07:30:10.164 [info] > git for-each-ref --format=%(refname)%00%(upstream:short)%00%(objectname)%00%(upstream:track)%00%(upstream:remotename)%00%(upstream:remoteref) refs/heads/main refs/remotes/main [2ms]
2024-12-07 07:30:10.164 [warning] [Git][getBranch] No such branch: main
2024-12-07 07:30:10.178 [info] > git for-each-ref --sort -committerdate --format %(refname) %(objectname) %(*objectname) [2ms]
2024-12-07 07:30:10.225 [info] > git status -z -uall [56ms]
2024-12-07 07:30:15.261 [info] > git config --get commit.template [6ms]
2024-12-07 07:30:15.261 [info] > git for-each-ref --format=%(refname)%00%(upstream:short)%00%(objectname)%00%(upstream:track)%00%(upstream:remotename)%00%(upstream:remoteref) refs/heads/main refs/remotes/main [1ms]
2024-12-07 07:30:15.262 [warning] [Git][getBranch] No such branch: main
2024-12-07 07:30:15.276 [info] > git for-each-ref --sort -committerdate --format %(refname) %(objectname) %(*objectname) [2ms]
2024-12-07 07:30:15.323 [info] > git status -z -uall [55ms]
2024-12-07 07:30:23.761 [info] > git config --get commit.template [7ms]
2024-12-07 07:30:23.762 [info] > git for-each-ref --format=%(refname)%00%(upstream:short)%00%(objectname)%00%(upstream:track)%00%(upstream:remotename)%00%(upstream:remoteref) refs/heads/main refs/remotes/main [2ms]
2024-12-07 07:30:23.762 [warning] [Git][getBranch] No such branch: main
2024-12-07 07:30:23.777 [info] > git for-each-ref --sort -committerdate --format %(refname) %(objectname) %(*objectname) [1ms]
2024-12-07 07:30:23.824 [info] > git status -z -uall [56ms]
2024-12-07 07:30:27.992 [info] > git ls-files --stage -- /home/c182b4kx3757/frontend/app.yaml [2ms]
2024-12-07 07:30:28.000 [info] > git cat-file -s 4f757757ded294499eac4f9602496bbe1e72be55 [2ms]
2024-12-07 07:30:28.084 [info] > git show --textconv :app.yaml [2ms]
2024-12-07 07:30:28.859 [info] > git config --get commit.template [9ms]
2024-12-07 07:30:28.859 [info] > git for-each-ref --format=%(refname)%00%(upstream:short)%00%(objectname)%00%(upstream:track)%00%(upstream:remotename)%00%(upstream:remoteref) refs/heads/main refs/remotes/main [2ms]
2024-12-07 07:30:28.861 [warning] [Git][getBranch] No such branch: main
2024-12-07 07:30:28.876 [info] > git for-each-ref --sort -committerdate --format %(refname) %(objectname) %(*objectname) [2ms]
2024-12-07 07:30:28.923 [info] > git status -z -uall [56ms]
2024-12-07 07:30:36.077 [info] > git config --get commit.template [6ms]
2024-12-07 07:30:36.078 [info] > git for-each-ref --format=%(refname)%00%(upstream:short)%00%(objectname)%00%(upstream:track)%00%(upstream:remotename)%00%(upstream:remoteref) refs/heads/main refs/remotes/main [1ms]
2024-12-07 07:30:36.079 [warning] [Git][getBranch] No such branch: main
2024-12-07 07:30:36.092 [info] > git for-each-ref --sort -committerdate --format %(refname) %(objectname) %(*objectname) [2ms]
2024-12-07 07:30:36.138 [info] > git status -z -uall [54ms]
2024-12-07 07:30:39.117 [info] > git ls-files --stage -- /home/c182b4kx3757/frontend/app.yaml [2ms]
2024-12-07 07:30:39.125 [info] > git cat-file -s 4f757757ded294499eac4f9602496bbe1e72be55 [2ms]
2024-12-07 07:30:39.243 [info] > git show --textconv :app.yaml [3ms]
2024-12-07 07:30:41.174 [info] > git config --get commit.template [6ms]
2024-12-07 07:30:41.175 [info] > git for-each-ref --format=%(refname)%00%(upstream:short)%00%(objectname)%00%(upstream:track)%00%(upstream:remotename)%00%(upstream:remoteref) refs/heads/main refs/remotes/main [1ms]
2024-12-07 07:30:41.175 [warning] [Git][getBranch] No such branch: main
2024-12-07 07:30:41.190 [info] > git for-each-ref --sort -committerdate --format %(refname) %(objectname) %(*objectname) [2ms]
2024-12-07 07:30:41.237 [info] > git status -z -uall [56ms]
2024-12-07 07:30:46.270 [info] > git config --get commit.template [6ms]
2024-12-07 07:30:46.271 [info] > git for-each-ref --format=%(refname)%00%(upstream:short)%00%(objectname)%00%(upstream:track)%00%(upstream:remotename)%00%(upstream:remoteref) refs/heads/main refs/remotes/main [1ms]
2024-12-07 07:30:46.272 [warning] [Git][getBranch] No such branch: main
2024-12-07 07:30:46.286 [info] > git for-each-ref --sort -committerdate --format %(refname) %(objectname) %(*objectname) [2ms]
2024-12-07 07:30:46.333 [info] > git status -z -uall [55ms]
2024-12-07 07:30:51.367 [info] > git config --get commit.template [7ms]
2024-12-07 07:30:51.368 [info] > git for-each-ref --format=%(refname)%00%(upstream:short)%00%(objectname)%00%(upstream:track)%00%(upstream:remotename)%00%(upstream:remoteref) refs/heads/main refs/remotes/main [2ms]
2024-12-07 07:30:51.368 [warning] [Git][getBranch] No such branch: main
2024-12-07 07:30:51.382 [info] > git for-each-ref --sort -committerdate --format %(refname) %(objectname) %(*objectname) [2ms]
2024-12-07 07:30:51.428 [info] > git status -z -uall [54ms]
2024-12-07 07:30:56.461 [info] > git config --get commit.template [6ms]
2024-12-07 07:30:56.462 [info] > git for-each-ref --format=%(refname)%00%(upstream:short)%00%(objectname)%00%(upstream:track)%00%(upstream:remotename)%00%(upstream:remoteref) refs/heads/main refs/remotes/main [2ms]
2024-12-07 07:30:56.462 [warning] [Git][getBranch] No such branch: main
2024-12-07 07:30:56.477 [info] > git for-each-ref --sort -committerdate --format %(refname) %(objectname) %(*objectname) [2ms]
2024-12-07 07:30:56.524 [info] > git status -z -uall [56ms]
2024-12-07 07:31:01.558 [info] > git config --get commit.template [7ms]
2024-12-07 07:31:01.559 [info] > git for-each-ref --format=%(refname)%00%(upstream:short)%00%(objectname)%00%(upstream:track)%00%(upstream:remotename)%00%(upstream:remoteref) refs/heads/main refs/remotes/main [2ms]
2024-12-07 07:31:01.560 [warning] [Git][getBranch] No such branch: main
2024-12-07 07:31:01.575 [info] > git for-each-ref --sort -committerdate --format %(refname) %(objectname) %(*objectname) [2ms]
2024-12-07 07:31:01.622 [info] > git status -z -uall [57ms]
2024-12-07 07:31:06.658 [info] > git config --get commit.template [6ms]
2024-12-07 07:31:06.658 [info] > git for-each-ref --format=%(refname)%00%(upstream:short)%00%(objectname)%00%(upstream:track)%00%(upstream:remotename)%00%(upstream:remoteref) refs/heads/main refs/remotes/main [1ms]
2024-12-07 07:31:06.659 [warning] [Git][getBranch] No such branch: main
2024-12-07 07:31:06.673 [info] > git for-each-ref --sort -committerdate --format %(refname) %(objectname) %(*objectname) [2ms]
2024-12-07 07:31:06.720 [info] > git status -z -uall [55ms]
2024-12-07 07:31:28.010 [info] > git config --get commit.template [7ms]
2024-12-07 07:31:28.011 [info] > git for-each-ref --format=%(refname)%00%(upstream:short)%00%(objectname)%00%(upstream:track)%00%(upstream:remotename)%00%(upstream:remoteref) refs/heads/main refs/remotes/main [2ms]
2024-12-07 07:31:28.011 [warning] [Git][getBranch] No such branch: main
2024-12-07 07:31:28.025 [info] > git for-each-ref --sort -committerdate --format %(refname) %(objectname) %(*objectname) [2ms]
2024-12-07 07:31:28.074 [info] > git status -z -uall [58ms]
2024-12-07 07:31:33.620 [info] > git config --get commit.template [8ms]
2024-12-07 07:31:33.621 [info] > git for-each-ref --format=%(refname)%00%(upstream:short)%00%(objectname)%00%(upstream:track)%00%(upstream:remotename)%00%(upstream:remoteref) refs/heads/main refs/remotes/main [2ms]
2024-12-07 07:31:33.621 [warning] [Git][getBranch] No such branch: main
2024-12-07 07:31:33.636 [info] > git for-each-ref --sort -committerdate --format %(refname) %(objectname) %(*objectname) [2ms]
2024-12-07 07:31:33.683 [info] > git status -z -uall [55ms]
2024-12-07 07:31:38.718 [info] > git config --get commit.template [6ms]
2024-12-07 07:31:38.719 [info] > git for-each-ref --format=%(refname)%00%(upstream:short)%00%(objectname)%00%(upstream:track)%00%(upstream:remotename)%00%(upstream:remoteref) refs/heads/main refs/remotes/main [1ms]
2024-12-07 07:31:38.719 [warning] [Git][getBranch] No such branch: main
2024-12-07 07:31:38.733 [info] > git for-each-ref --sort -committerdate --format %(refname) %(objectname) %(*objectname) [2ms]
2024-12-07 07:31:38.780 [info] > git status -z -uall [55ms]
2024-12-07 07:32:42.331 [info] > git config --get commit.template [7ms]
2024-12-07 07:32:42.332 [info] > git for-each-ref --format=%(refname)%00%(upstream:short)%00%(objectname)%00%(upstream:track)%00%(upstream:remotename)%00%(upstream:remoteref) refs/heads/main refs/remotes/main [2ms]
2024-12-07 07:32:42.332 [warning] [Git][getBranch] No such branch: main
2024-12-07 07:32:42.349 [info] > git for-each-ref --sort -committerdate --format %(refname) %(objectname) %(*objectname) [3ms]
2024-12-07 07:32:42.396 [info] > git status -z -uall [58ms]
2024-12-07 07:32:47.441 [info] > git config --get commit.template [6ms]
2024-12-07 07:32:47.442 [info] > git for-each-ref --format=%(refname)%00%(upstream:short)%00%(objectname)%00%(upstream:track)%00%(upstream:remotename)%00%(upstream:remoteref) refs/heads/main refs/remotes/main [2ms]
2024-12-07 07:32:47.443 [warning] [Git][getBranch] No such branch: main
2024-12-07 07:32:47.458 [info] > git for-each-ref --sort -committerdate --format %(refname) %(objectname) %(*objectname) [2ms]
2024-12-07 07:32:47.508 [info] > git status -z -uall [59ms]
2024-12-07 07:32:52.546 [info] > git config --get commit.template [7ms]
2024-12-07 07:32:52.547 [info] > git for-each-ref --format=%(refname)%00%(upstream:short)%00%(objectname)%00%(upstream:track)%00%(upstream:remotename)%00%(upstream:remoteref) refs/heads/main refs/remotes/main [1ms]
2024-12-07 07:32:52.547 [warning] [Git][getBranch] No such branch: main
2024-12-07 07:32:52.563 [info] > git for-each-ref --sort -committerdate --format %(refname) %(objectname) %(*objectname) [3ms]
2024-12-07 07:32:52.610 [info] > git status -z -uall [57ms]
2024-12-07 07:33:03.565 [info] > git config --get commit.template [7ms]
2024-12-07 07:33:03.566 [info] > git for-each-ref --format=%(refname)%00%(upstream:short)%00%(objectname)%00%(upstream:track)%00%(upstream:remotename)%00%(upstream:remoteref) refs/heads/main refs/remotes/main [1ms]
2024-12-07 07:33:03.566 [warning] [Git][getBranch] No such branch: main
2024-12-07 07:33:03.581 [info] > git for-each-ref --sort -committerdate --format %(refname) %(objectname) %(*objectname) [2ms]
2024-12-07 07:33:03.630 [info] > git status -z -uall [58ms]
2024-12-07 07:33:09.333 [info] > git config --get commit.template [7ms]
2024-12-07 07:33:09.334 [info] > git for-each-ref --format=%(refname)%00%(upstream:short)%00%(objectname)%00%(upstream:track)%00%(upstream:remotename)%00%(upstream:remoteref) refs/heads/main refs/remotes/main [2ms]
2024-12-07 07:33:09.334 [warning] [Git][getBranch] No such branch: main
2024-12-07 07:33:09.348 [info] > git for-each-ref --sort -committerdate --format %(refname) %(objectname) %(*objectname) [2ms]
2024-12-07 07:33:09.396 [info] > git status -z -uall [57ms]
2024-12-07 07:33:14.430 [info] > git config --get commit.template [6ms]
2024-12-07 07:33:14.432 [info] > git for-each-ref --format=%(refname)%00%(upstream:short)%00%(objectname)%00%(upstream:track)%00%(upstream:remotename)%00%(upstream:remoteref) refs/heads/main refs/remotes/main [1ms]
2024-12-07 07:33:14.432 [warning] [Git][getBranch] No such branch: main
2024-12-07 07:33:14.445 [info] > git for-each-ref --sort -committerdate --format %(refname) %(objectname) %(*objectname) [2ms]
2024-12-07 07:33:14.492 [info] > git status -z -uall [55ms]
2024-12-07 07:33:19.527 [info] > git config --get commit.template [7ms]
2024-12-07 07:33:19.528 [info] > git for-each-ref --format=%(refname)%00%(upstream:short)%00%(objectname)%00%(upstream:track)%00%(upstream:remotename)%00%(upstream:remoteref) refs/heads/main refs/remotes/main [2ms]
2024-12-07 07:33:19.529 [warning] [Git][getBranch] No such branch: main
2024-12-07 07:33:19.545 [info] > git for-each-ref --sort -committerdate --format %(refname) %(objectname) %(*objectname) [2ms]
2024-12-07 07:33:19.593 [info] > git status -z -uall [59ms]
2024-12-07 07:33:24.625 [info] > git config --get commit.template [7ms]
2024-12-07 07:33:24.626 [info] > git for-each-ref --format=%(refname)%00%(upstream:short)%00%(objectname)%00%(upstream:track)%00%(upstream:remotename)%00%(upstream:remoteref) refs/heads/main refs/remotes/main [1ms]
2024-12-07 07:33:24.627 [warning] [Git][getBranch] No such branch: main
2024-12-07 07:33:24.641 [info] > git for-each-ref --sort -committerdate --format %(refname) %(objectname) %(*objectname) [2ms]
2024-12-07 07:33:24.688 [info] > git status -z -uall [55ms]
2024-12-07 07:33:45.361 [info] > git config --get commit.template [6ms]
2024-12-07 07:33:45.362 [info] > git for-each-ref --format=%(refname)%00%(upstream:short)%00%(objectname)%00%(upstream:track)%00%(upstream:remotename)%00%(upstream:remoteref) refs/heads/main refs/remotes/main [2ms]
2024-12-07 07:33:45.362 [warning] [Git][getBranch] No such branch: main
2024-12-07 07:33:45.376 [info] > git for-each-ref --sort -committerdate --format %(refname) %(objectname) %(*objectname) [2ms]
2024-12-07 07:33:45.423 [info] > git status -z -uall [55ms]
2024-12-07 07:33:50.452 [info] > git config --get commit.template [3ms]
2024-12-07 07:33:50.459 [info] > git for-each-ref --format=%(refname)%00%(upstream:short)%00%(objectname)%00%(upstream:track)%00%(upstream:remotename)%00%(upstream:remoteref) refs/heads/main refs/remotes/main [2ms]
2024-12-07 07:33:50.459 [warning] [Git][getBranch] No such branch: main
2024-12-07 07:33:50.473 [info] > git for-each-ref --sort -committerdate --format %(refname) %(objectname) %(*objectname) [2ms]
2024-12-07 07:33:50.519 [info] > git status -z -uall [55ms]
2024-12-07 07:33:55.552 [info] > git config --get commit.template [7ms]
2024-12-07 07:33:55.553 [info] > git for-each-ref --format=%(refname)%00%(upstream:short)%00%(objectname)%00%(upstream:track)%00%(upstream:remotename)%00%(upstream:remoteref) refs/heads/main refs/remotes/main [1ms]
2024-12-07 07:33:55.553 [warning] [Git][getBranch] No such branch: main
2024-12-07 07:33:55.567 [info] > git for-each-ref --sort -committerdate --format %(refname) %(objectname) %(*objectname) [2ms]
2024-12-07 07:33:55.615 [info] > git status -z -uall [56ms]
2024-12-07 07:34:00.656 [info] > git config --get commit.template [7ms]
2024-12-07 07:34:00.657 [info] > git for-each-ref --format=%(refname)%00%(upstream:short)%00%(objectname)%00%(upstream:track)%00%(upstream:remotename)%00%(upstream:remoteref) refs/heads/main refs/remotes/main [2ms]
2024-12-07 07:34:00.657 [warning] [Git][getBranch] No such branch: main
2024-12-07 07:34:00.672 [info] > git for-each-ref --sort -committerdate --format %(refname) %(objectname) %(*objectname) [1ms]
2024-12-07 07:34:00.718 [info] > git status -z -uall [55ms]
2024-12-07 07:34:13.781 [info] > git config --get commit.template [7ms]
2024-12-07 07:34:13.782 [info] > git for-each-ref --format=%(refname)%00%(upstream:short)%00%(objectname)%00%(upstream:track)%00%(upstream:remotename)%00%(upstream:remoteref) refs/heads/main refs/remotes/main [2ms]
2024-12-07 07:34:13.782 [warning] [Git][getBranch] No such branch: main
2024-12-07 07:34:13.796 [info] > git for-each-ref --sort -committerdate --format %(refname) %(objectname) %(*objectname) [2ms]
2024-12-07 07:34:13.842 [info] > git status -z -uall [54ms]
2024-12-07 07:34:17.719 [info] > git ls-files --stage -- /home/c182b4kx3757/frontend/app.yaml [3ms]
2024-12-07 07:34:17.726 [info] > git cat-file -s 4f757757ded294499eac4f9602496bbe1e72be55 [1ms]
2024-12-07 07:34:17.799 [info] > git show --textconv :app.yaml [3ms]
2024-12-07 07:34:18.875 [info] > git config --get commit.template [6ms]
2024-12-07 07:34:18.876 [info] > git for-each-ref --format=%(refname)%00%(upstream:short)%00%(objectname)%00%(upstream:track)%00%(upstream:remotename)%00%(upstream:remoteref) refs/heads/main refs/remotes/main [2ms]
2024-12-07 07:34:18.890 [info] > git for-each-ref --sort -committerdate --format %(refname) %(objectname) %(*objectname) [2ms]
2024-12-07 07:34:18.937 [info] > git status -z -uall [56ms]
2024-12-07 07:34:23.959 [info] > git config --get commit.template [7ms]
2024-12-07 07:34:23.960 [info] > git for-each-ref --format=%(refname)%00%(upstream:short)%00%(objectname)%00%(upstream:track)%00%(upstream:remotename)%00%(upstream:remoteref) refs/heads/main refs/remotes/main [2ms]
2024-12-07 07:34:23.976 [info] > git for-each-ref --sort -committerdate --format %(refname) %(objectname) %(*objectname) [3ms]
2024-12-07 07:34:24.022 [info] > git status -z -uall [56ms]
2024-12-07 07:34:29.038 [info] > git config --get commit.template [7ms]
2024-12-07 07:34:29.039 [info] > git for-each-ref --format=%(refname)%00%(upstream:short)%00%(objectname)%00%(upstream:track)%00%(upstream:remotename)%00%(upstream:remoteref) refs/heads/main refs/remotes/main [2ms]
2024-12-07 07:34:29.057 [info] > git for-each-ref --sort -committerdate --format %(refname) %(objectname) %(*objectname) [3ms]
2024-12-07 07:34:29.100 [info] > git status -z -uall [55ms]
2024-12-07 07:34:34.116 [info] > git config --get commit.template [6ms]
2024-12-07 07:34:34.117 [info] > git for-each-ref --format=%(refname)%00%(upstream:short)%00%(objectname)%00%(upstream:track)%00%(upstream:remotename)%00%(upstream:remoteref) refs/heads/main refs/remotes/main [2ms]
2024-12-07 07:34:34.131 [info] > git for-each-ref --sort -committerdate --format %(refname) %(objectname) %(*objectname) [2ms]
2024-12-07 07:34:34.177 [info] > git status -z -uall [55ms]
2024-12-07 07:34:39.191 [info] > git config --get commit.template [6ms]
2024-12-07 07:34:39.193 [info] > git for-each-ref --format=%(refname)%00%(upstream:short)%00%(objectname)%00%(upstream:track)%00%(upstream:remotename)%00%(upstream:remoteref) refs/heads/main refs/remotes/main [1ms]
2024-12-07 07:34:39.207 [info] > git for-each-ref --sort -committerdate --format %(refname) %(objectname) %(*objectname) [2ms]
2024-12-07 07:34:39.253 [info] > git status -z -uall [55ms]
2024-12-07 07:34:44.264 [info] > git config --get commit.template [2ms]
2024-12-07 07:34:44.271 [info] > git for-each-ref --format=%(refname)%00%(upstream:short)%00%(objectname)%00%(upstream:track)%00%(upstream:remotename)%00%(upstream:remoteref) refs/heads/main refs/remotes/main [2ms]
2024-12-07 07:34:44.285 [info] > git for-each-ref --sort -committerdate --format %(refname) %(objectname) %(*objectname) [2ms]
2024-12-07 07:34:44.334 [info] > git status -z -uall [57ms]
2024-12-07 07:35:03.229 [info] > git config --get commit.template [7ms]
2024-12-07 07:35:03.230 [info] > git for-each-ref --format=%(refname)%00%(upstream:short)%00%(objectname)%00%(upstream:track)%00%(upstream:remotename)%00%(upstream:remoteref) refs/heads/main refs/remotes/main [2ms]
2024-12-07 07:35:03.246 [info] > git for-each-ref --sort -committerdate --format %(refname) %(objectname) %(*objectname) [3ms]
2024-12-07 07:35:03.291 [info] > git status -z -uall [55ms]
2024-12-07 07:36:17.620 [info] > git config --get commit.template [0ms]
2024-12-07 07:36:17.628 [info] > git for-each-ref --format=%(refname)%00%(upstream:short)%00%(objectname)%00%(upstream:track)%00%(upstream:remotename)%00%(upstream:remoteref) refs/heads/main refs/remotes/main [3ms]
2024-12-07 07:36:17.642 [info] > git for-each-ref --sort -committerdate --format %(refname) %(objectname) %(*objectname) [2ms]
2024-12-07 07:36:17.688 [info] > git status -z -uall [55ms]
