Initializing document watcher...
Document watcher initialized
c182b4kx3757/Deploy_ProfileApp/index.html: {}
c182b4kx3757/Deploy_ProfileApp/README-cloudshell.txt: {}
c182b4kx3757/Deploy_ProfileApp/README-cloudshell.txt: {}
c182b4kx3757/Deploy_ProfileApp/README-cloudshell.txt: {}
c182b4kx3757/Deploy_ProfileApp/README-cloudshell.txt: {}
c182b4kx3757/Deploy_ProfileApp/README-cloudshell.txt: {}
c182b4kx3757/Deploy_ProfileApp/README-cloudshell.txt: {}
No more open editors.
No more open editors.
c182b4kx3757/app.yml: {}
c182b4kx3757/app.yml: {}
c182b4kx3757/app.yml: {}
c182b4kx3757/app.yml: {}
c182b4kx3757/app.yml: {}
c182b4kx3757/app.yml: {}
c182b4kx3757/app.yml: {}
c182b4kx3757/app.yml: {}
c182b4kx3757/app.yml: {}
c182b4kx3757/app.yml: {}
c182b4kx3757/app.yml: {}
c182b4kx3757/app.yml: {}
c182b4kx3757/app.yml: {}
c182b4kx3757/app.yml: {}
c182b4kx3757/app.yml: {}
c182b4kx3757/app.yml: {}
c182b4kx3757/app.yml: {}
c182b4kx3757/app.yml: {}
c182b4kx3757/app.yml: {}
c182b4kx3757/app.yml: {}
c182b4kx3757/app.yml: {}
c182b4kx3757/app.yml: {}
c182b4kx3757/app.yml: {}
c182b4kx3757/app.yml: {}
c182b4kx3757/app.yml: {}
c182b4kx3757/www/index.html: {}
c182b4kx3757/www/index.html: {}
c182b4kx3757/www/index.html: Using EditorConfig core...
c182b4kx3757/www/index.html: Using EditorConfig core...
c182b4kx3757/www/index.html: Using EditorConfig core...
c182b4kx3757/www/index.html: Using EditorConfig core...
c182b4kx3757/app.yml: {}
c182b4kx3757/app.yml: Using EditorConfig core...
c182b4kx3757/README-cloudshell.txt: {}
c182b4kx3757/README-cloudshell.txt: Using EditorConfig core...
c182b4kx3757/README-cloudshell.txt: {}
c182b4kx3757/README-cloudshell.txt: {}
c182b4kx3757/README-cloudshell.txt: {}
c182b4kx3757/app.yml: {}
c182b4kx3757/app.yaml: {}
c182b4kx3757/app.yaml: Using EditorConfig core...
c182b4kx3757/app.yaml: {}
c182b4kx3757/app.yaml: {}
c182b4kx3757/css/bootstap.min.css: {}
c182b4kx3757/css/style.css: {}
c182b4kx3757/js/all.min.js: {}
c182b4kx3757/www/index.html: {}
c182b4kx3757/www/index.html: {}
c182b4kx3757/www/index.html: {}
c182b4kx3757/www/index.html: {}
c182b4kx3757/www/index.html: {}
c182b4kx3757/www/index.html: {}
c182b4kx3757/www/index.html: Using EditorConfig core...
c182b4kx3757/www/index.html: {}
c182b4kx3757/www/index.html: {}
c182b4kx3757/www/index.html: Using EditorConfig core...
c182b4kx3757/www/index.html: Using EditorConfig core...
c182b4kx3757/www/index.html: {}
c182b4kx3757/www/index.html: {}
c182b4kx3757/www/index.html: {}
c182b4kx3757/www/index.html: Using EditorConfig core...
c182b4kx3757/www/index.html: Using EditorConfig core...
c182b4kx3757/www/index.html: {}
c182b4kx3757/www/css/style.css: {}
c182b4kx3757/www/css/style.css: {}
c182b4kx3757/www/index.html: {}
c182b4kx3757/www/index.html: Using EditorConfig core...
c182b4kx3757/www/index.html: Using EditorConfig core...
c182b4kx3757/www/index.html: {}
c182b4kx3757/www/index.html: {}
c182b4kx3757/www/index.html: {}
c182b4kx3757/www/index.html: {}
c182b4kx3757/www/index.html: {}
c182b4kx3757/www/index.html: {}
c182b4kx3757/www/index.html: {}
c182b4kx3757/www/index.html: {}
c182b4kx3757/www/index.html: {}
